-------------------------------------------------------------------------------
Test set: crux.CompilerStageTests
-------------------------------------------------------------------------------
Tests run: 50, Failures: 1, Errors: 0, Skipped: 0, Time elapsed: 4.09 s <<< FAILURE! - in crux.CompilerStageTests
crux.CompilerStageTests.codegen  Time elapsed: 0.086 s  <<< FAILURE!
org.opentest4j.AssertionFailedError: CodeGen for program crux/stages/codegen/test50.crx differs from expected output. ==> expected: <Congrats on passing the last test case!> but was: <>
	at crux.CompilerStageTests.lambda$codegen$9(CompilerStageTests.java:297)

