-------------------------------------------------------------------------------
Test set: crux.CompilerStageTests
-------------------------------------------------------------------------------
Tests run: 50, Failures: 0, Errors: 48, Skipped: 0, Time elapsed: 0.246 s <<< FAILURE! - in crux.CompilerStageTests
crux.CompilerStageTests.ast  Time elapsed: 0.003 s  <<< ERROR!
java.util.concurrent.ExecutionException: java.lang.NullPointerException: Cannot invoke "crux.pt.CruxParser$Expression1Context.accept(org.antlr.v4.runtime.tree.ParseTreeVisitor)" because "rightCtx" is null
	at crux.CompilerStageTests.lambda$ast$3(CompilerStageTests.java:124)
Caused by: java.lang.NullPointerException: Cannot invoke "crux.pt.CruxParser$Expression1Context.accept(org.antlr.v4.runtime.tree.ParseTreeVisitor)" because "rightCtx" is null

crux.CompilerStageTests.ast  Time elapsed: 0.002 s  <<< ERROR!
java.util.concurrent.ExecutionException: java.lang.NullPointerException: Cannot invoke "crux.pt.CruxParser$Expression1Context.accept(org.antlr.v4.runtime.tree.ParseTreeVisitor)" because "rightCtx" is null
	at crux.CompilerStageTests.lambda$ast$3(CompilerStageTests.java:124)
Caused by: java.lang.NullPointerException: Cannot invoke "crux.pt.CruxParser$Expression1Context.accept(org.antlr.v4.runtime.tree.ParseTreeVisitor)" because "rightCtx" is null

crux.CompilerStageTests.ast  Time elapsed: 0.004 s  <<< ERROR!
java.util.concurrent.ExecutionException: java.lang.NullPointerException: Cannot invoke "crux.pt.CruxParser$Expression1Context.accept(org.antlr.v4.runtime.tree.ParseTreeVisitor)" because "rightCtx" is null
	at crux.CompilerStageTests.lambda$ast$3(CompilerStageTests.java:124)
Caused by: java.lang.NullPointerException: Cannot invoke "crux.pt.CruxParser$Expression1Context.accept(org.antlr.v4.runtime.tree.ParseTreeVisitor)" because "rightCtx" is null

crux.CompilerStageTests.ast  Time elapsed: 0.007 s  <<< ERROR!
java.util.concurrent.ExecutionException: java.lang.NullPointerException: Cannot invoke "crux.pt.CruxParser$Expression1Context.accept(org.antlr.v4.runtime.tree.ParseTreeVisitor)" because "rightCtx" is null
	at crux.CompilerStageTests.lambda$ast$3(CompilerStageTests.java:124)
Caused by: java.lang.NullPointerException: Cannot invoke "crux.pt.CruxParser$Expression1Context.accept(org.antlr.v4.runtime.tree.ParseTreeVisitor)" because "rightCtx" is null

crux.CompilerStageTests.ast  Time elapsed: 0.001 s  <<< ERROR!
java.util.concurrent.ExecutionException: java.lang.NullPointerException: Cannot invoke "crux.pt.CruxParser$Expression1Context.accept(org.antlr.v4.runtime.tree.ParseTreeVisitor)" because "rightCtx" is null
	at crux.CompilerStageTests.lambda$ast$3(CompilerStageTests.java:124)
Caused by: java.lang.NullPointerException: Cannot invoke "crux.pt.CruxParser$Expression1Context.accept(org.antlr.v4.runtime.tree.ParseTreeVisitor)" because "rightCtx" is null

crux.CompilerStageTests.ast  Time elapsed: 0.001 s  <<< ERROR!
java.util.concurrent.ExecutionException: java.lang.NullPointerException: Cannot invoke "crux.pt.CruxParser$Expression1Context.accept(org.antlr.v4.runtime.tree.ParseTreeVisitor)" because "rightCtx" is null
	at crux.CompilerStageTests.lambda$ast$3(CompilerStageTests.java:124)
Caused by: java.lang.NullPointerException: Cannot invoke "crux.pt.CruxParser$Expression1Context.accept(org.antlr.v4.runtime.tree.ParseTreeVisitor)" because "rightCtx" is null

crux.CompilerStageTests.ast  Time elapsed: 0 s  <<< ERROR!
java.util.concurrent.ExecutionException: java.lang.NullPointerException: Cannot invoke "crux.pt.CruxParser$Expression1Context.accept(org.antlr.v4.runtime.tree.ParseTreeVisitor)" because "rightCtx" is null
	at crux.CompilerStageTests.lambda$ast$3(CompilerStageTests.java:124)
Caused by: java.lang.NullPointerException: Cannot invoke "crux.pt.CruxParser$Expression1Context.accept(org.antlr.v4.runtime.tree.ParseTreeVisitor)" because "rightCtx" is null

crux.CompilerStageTests.ast  Time elapsed: 0.001 s  <<< ERROR!
java.util.concurrent.ExecutionException: java.lang.NullPointerException: Cannot invoke "crux.pt.CruxParser$Expression1Context.accept(org.antlr.v4.runtime.tree.ParseTreeVisitor)" because "rightCtx" is null
	at crux.CompilerStageTests.lambda$ast$3(CompilerStageTests.java:124)
Caused by: java.lang.NullPointerException: Cannot invoke "crux.pt.CruxParser$Expression1Context.accept(org.antlr.v4.runtime.tree.ParseTreeVisitor)" because "rightCtx" is null

crux.CompilerStageTests.ast  Time elapsed: 0 s  <<< ERROR!
java.util.concurrent.ExecutionException: java.lang.NullPointerException: Cannot invoke "crux.pt.CruxParser$Expression1Context.accept(org.antlr.v4.runtime.tree.ParseTreeVisitor)" because "rightCtx" is null
	at crux.CompilerStageTests.lambda$ast$3(CompilerStageTests.java:124)
Caused by: java.lang.NullPointerException: Cannot invoke "crux.pt.CruxParser$Expression1Context.accept(org.antlr.v4.runtime.tree.ParseTreeVisitor)" because "rightCtx" is null

crux.CompilerStageTests.ast  Time elapsed: 0.001 s  <<< ERROR!
java.util.concurrent.ExecutionException: java.lang.NullPointerException: Cannot invoke "crux.pt.CruxParser$Expression1Context.accept(org.antlr.v4.runtime.tree.ParseTreeVisitor)" because "rightCtx" is null
	at crux.CompilerStageTests.lambda$ast$3(CompilerStageTests.java:124)
Caused by: java.lang.NullPointerException: Cannot invoke "crux.pt.CruxParser$Expression1Context.accept(org.antlr.v4.runtime.tree.ParseTreeVisitor)" because "rightCtx" is null

crux.CompilerStageTests.ast  Time elapsed: 0.001 s  <<< ERROR!
java.util.concurrent.ExecutionException: java.lang.NullPointerException: Cannot invoke "crux.pt.CruxParser$Expression1Context.accept(org.antlr.v4.runtime.tree.ParseTreeVisitor)" because "rightCtx" is null
	at crux.CompilerStageTests.lambda$ast$3(CompilerStageTests.java:124)
Caused by: java.lang.NullPointerException: Cannot invoke "crux.pt.CruxParser$Expression1Context.accept(org.antlr.v4.runtime.tree.ParseTreeVisitor)" because "rightCtx" is null

crux.CompilerStageTests.ast  Time elapsed: 0.001 s  <<< ERROR!
java.util.concurrent.ExecutionException: java.lang.NullPointerException: Cannot invoke "crux.pt.CruxParser$Expression1Context.accept(org.antlr.v4.runtime.tree.ParseTreeVisitor)" because "rightCtx" is null
	at crux.CompilerStageTests.lambda$ast$3(CompilerStageTests.java:124)
Caused by: java.lang.NullPointerException: Cannot invoke "crux.pt.CruxParser$Expression1Context.accept(org.antlr.v4.runtime.tree.ParseTreeVisitor)" because "rightCtx" is null

crux.CompilerStageTests.ast  Time elapsed: 0 s  <<< ERROR!
java.util.concurrent.ExecutionException: java.lang.NullPointerException: Cannot invoke "crux.pt.CruxParser$Expression1Context.accept(org.antlr.v4.runtime.tree.ParseTreeVisitor)" because "rightCtx" is null
	at crux.CompilerStageTests.lambda$ast$3(CompilerStageTests.java:124)
Caused by: java.lang.NullPointerException: Cannot invoke "crux.pt.CruxParser$Expression1Context.accept(org.antlr.v4.runtime.tree.ParseTreeVisitor)" because "rightCtx" is null

crux.CompilerStageTests.ast  Time elapsed: 0 s  <<< ERROR!
java.util.concurrent.ExecutionException: java.lang.NullPointerException: Cannot invoke "crux.pt.CruxParser$Expression1Context.accept(org.antlr.v4.runtime.tree.ParseTreeVisitor)" because "rightCtx" is null
	at crux.CompilerStageTests.lambda$ast$3(CompilerStageTests.java:124)
Caused by: java.lang.NullPointerException: Cannot invoke "crux.pt.CruxParser$Expression1Context.accept(org.antlr.v4.runtime.tree.ParseTreeVisitor)" because "rightCtx" is null

crux.CompilerStageTests.ast  Time elapsed: 0.001 s  <<< ERROR!
java.util.concurrent.ExecutionException: java.lang.NullPointerException: Cannot invoke "crux.pt.CruxParser$Expression1Context.accept(org.antlr.v4.runtime.tree.ParseTreeVisitor)" because "rightCtx" is null
	at crux.CompilerStageTests.lambda$ast$3(CompilerStageTests.java:124)
Caused by: java.lang.NullPointerException: Cannot invoke "crux.pt.CruxParser$Expression1Context.accept(org.antlr.v4.runtime.tree.ParseTreeVisitor)" because "rightCtx" is null

crux.CompilerStageTests.ast  Time elapsed: 0 s  <<< ERROR!
java.util.concurrent.ExecutionException: java.lang.NullPointerException: Cannot invoke "crux.pt.CruxParser$Expression1Context.accept(org.antlr.v4.runtime.tree.ParseTreeVisitor)" because "rightCtx" is null
	at crux.CompilerStageTests.lambda$ast$3(CompilerStageTests.java:124)
Caused by: java.lang.NullPointerException: Cannot invoke "crux.pt.CruxParser$Expression1Context.accept(org.antlr.v4.runtime.tree.ParseTreeVisitor)" because "rightCtx" is null

crux.CompilerStageTests.ast  Time elapsed: 0.001 s  <<< ERROR!
java.util.concurrent.ExecutionException: java.lang.NullPointerException: Cannot invoke "crux.pt.CruxParser$Expression1Context.accept(org.antlr.v4.runtime.tree.ParseTreeVisitor)" because "rightCtx" is null
	at crux.CompilerStageTests.lambda$ast$3(CompilerStageTests.java:124)
Caused by: java.lang.NullPointerException: Cannot invoke "crux.pt.CruxParser$Expression1Context.accept(org.antlr.v4.runtime.tree.ParseTreeVisitor)" because "rightCtx" is null

crux.CompilerStageTests.ast  Time elapsed: 0.001 s  <<< ERROR!
java.util.concurrent.ExecutionException: java.lang.NullPointerException: Cannot invoke "crux.pt.CruxParser$Expression1Context.accept(org.antlr.v4.runtime.tree.ParseTreeVisitor)" because "rightCtx" is null
	at crux.CompilerStageTests.lambda$ast$3(CompilerStageTests.java:124)
Caused by: java.lang.NullPointerException: Cannot invoke "crux.pt.CruxParser$Expression1Context.accept(org.antlr.v4.runtime.tree.ParseTreeVisitor)" because "rightCtx" is null

crux.CompilerStageTests.ast  Time elapsed: 0.001 s  <<< ERROR!
java.util.concurrent.ExecutionException: java.lang.NullPointerException: Cannot invoke "crux.pt.CruxParser$Expression1Context.accept(org.antlr.v4.runtime.tree.ParseTreeVisitor)" because "rightCtx" is null
	at crux.CompilerStageTests.lambda$ast$3(CompilerStageTests.java:124)
Caused by: java.lang.NullPointerException: Cannot invoke "crux.pt.CruxParser$Expression1Context.accept(org.antlr.v4.runtime.tree.ParseTreeVisitor)" because "rightCtx" is null

crux.CompilerStageTests.ast  Time elapsed: 0.001 s  <<< ERROR!
java.util.concurrent.ExecutionException: java.lang.NullPointerException: Cannot invoke "crux.pt.CruxParser$Expression1Context.accept(org.antlr.v4.runtime.tree.ParseTreeVisitor)" because "rightCtx" is null
	at crux.CompilerStageTests.lambda$ast$3(CompilerStageTests.java:124)
Caused by: java.lang.NullPointerException: Cannot invoke "crux.pt.CruxParser$Expression1Context.accept(org.antlr.v4.runtime.tree.ParseTreeVisitor)" because "rightCtx" is null

crux.CompilerStageTests.ast  Time elapsed: 0.001 s  <<< ERROR!
java.util.concurrent.ExecutionException: java.lang.NullPointerException: Cannot invoke "crux.pt.CruxParser$Expression1Context.accept(org.antlr.v4.runtime.tree.ParseTreeVisitor)" because "rightCtx" is null
	at crux.CompilerStageTests.lambda$ast$3(CompilerStageTests.java:124)
Caused by: java.lang.NullPointerException: Cannot invoke "crux.pt.CruxParser$Expression1Context.accept(org.antlr.v4.runtime.tree.ParseTreeVisitor)" because "rightCtx" is null

crux.CompilerStageTests.ast  Time elapsed: 0.001 s  <<< ERROR!
java.util.concurrent.ExecutionException: java.lang.NullPointerException: Cannot invoke "crux.pt.CruxParser$Expression1Context.accept(org.antlr.v4.runtime.tree.ParseTreeVisitor)" because "rightCtx" is null
	at crux.CompilerStageTests.lambda$ast$3(CompilerStageTests.java:124)
Caused by: java.lang.NullPointerException: Cannot invoke "crux.pt.CruxParser$Expression1Context.accept(org.antlr.v4.runtime.tree.ParseTreeVisitor)" because "rightCtx" is null

crux.CompilerStageTests.ast  Time elapsed: 0.001 s  <<< ERROR!
java.util.concurrent.ExecutionException: java.lang.NullPointerException: Cannot invoke "crux.pt.CruxParser$Expression1Context.accept(org.antlr.v4.runtime.tree.ParseTreeVisitor)" because "rightCtx" is null
	at crux.CompilerStageTests.lambda$ast$3(CompilerStageTests.java:124)
Caused by: java.lang.NullPointerException: Cannot invoke "crux.pt.CruxParser$Expression1Context.accept(org.antlr.v4.runtime.tree.ParseTreeVisitor)" because "rightCtx" is null

crux.CompilerStageTests.ast  Time elapsed: 0.001 s  <<< ERROR!
java.util.concurrent.ExecutionException: java.lang.NullPointerException: Cannot invoke "crux.pt.CruxParser$Expression1Context.accept(org.antlr.v4.runtime.tree.ParseTreeVisitor)" because "rightCtx" is null
	at crux.CompilerStageTests.lambda$ast$3(CompilerStageTests.java:124)
Caused by: java.lang.NullPointerException: Cannot invoke "crux.pt.CruxParser$Expression1Context.accept(org.antlr.v4.runtime.tree.ParseTreeVisitor)" because "rightCtx" is null

crux.CompilerStageTests.ast  Time elapsed: 0.001 s  <<< ERROR!
java.util.concurrent.ExecutionException: java.lang.NullPointerException: Cannot invoke "crux.pt.CruxParser$Expression1Context.accept(org.antlr.v4.runtime.tree.ParseTreeVisitor)" because "rightCtx" is null
	at crux.CompilerStageTests.lambda$ast$3(CompilerStageTests.java:124)
Caused by: java.lang.NullPointerException: Cannot invoke "crux.pt.CruxParser$Expression1Context.accept(org.antlr.v4.runtime.tree.ParseTreeVisitor)" because "rightCtx" is null

crux.CompilerStageTests.ast  Time elapsed: 0.001 s  <<< ERROR!
java.util.concurrent.ExecutionException: java.lang.NullPointerException: Cannot invoke "crux.pt.CruxParser$Expression1Context.accept(org.antlr.v4.runtime.tree.ParseTreeVisitor)" because "rightCtx" is null
	at crux.CompilerStageTests.lambda$ast$3(CompilerStageTests.java:124)
Caused by: java.lang.NullPointerException: Cannot invoke "crux.pt.CruxParser$Expression1Context.accept(org.antlr.v4.runtime.tree.ParseTreeVisitor)" because "rightCtx" is null

crux.CompilerStageTests.ast  Time elapsed: 0.004 s  <<< ERROR!
java.util.concurrent.ExecutionException: java.lang.NullPointerException: Cannot invoke "crux.pt.CruxParser$Expression1Context.accept(org.antlr.v4.runtime.tree.ParseTreeVisitor)" because "rightCtx" is null
	at crux.CompilerStageTests.lambda$ast$3(CompilerStageTests.java:124)
Caused by: java.lang.NullPointerException: Cannot invoke "crux.pt.CruxParser$Expression1Context.accept(org.antlr.v4.runtime.tree.ParseTreeVisitor)" because "rightCtx" is null

crux.CompilerStageTests.ast  Time elapsed: 0.001 s  <<< ERROR!
java.util.concurrent.ExecutionException: java.lang.NullPointerException: Cannot invoke "crux.pt.CruxParser$Expression1Context.accept(org.antlr.v4.runtime.tree.ParseTreeVisitor)" because "rightCtx" is null
	at crux.CompilerStageTests.lambda$ast$3(CompilerStageTests.java:124)
Caused by: java.lang.NullPointerException: Cannot invoke "crux.pt.CruxParser$Expression1Context.accept(org.antlr.v4.runtime.tree.ParseTreeVisitor)" because "rightCtx" is null

crux.CompilerStageTests.ast  Time elapsed: 0 s  <<< ERROR!
java.util.concurrent.ExecutionException: java.lang.NullPointerException: Cannot invoke "crux.pt.CruxParser$Expression1Context.accept(org.antlr.v4.runtime.tree.ParseTreeVisitor)" because "rightCtx" is null
	at crux.CompilerStageTests.lambda$ast$3(CompilerStageTests.java:124)
Caused by: java.lang.NullPointerException: Cannot invoke "crux.pt.CruxParser$Expression1Context.accept(org.antlr.v4.runtime.tree.ParseTreeVisitor)" because "rightCtx" is null

crux.CompilerStageTests.ast  Time elapsed: 0 s  <<< ERROR!
java.util.concurrent.ExecutionException: java.lang.NullPointerException: Cannot invoke "crux.pt.CruxParser$Expression1Context.accept(org.antlr.v4.runtime.tree.ParseTreeVisitor)" because "rightCtx" is null
	at crux.CompilerStageTests.lambda$ast$3(CompilerStageTests.java:124)
Caused by: java.lang.NullPointerException: Cannot invoke "crux.pt.CruxParser$Expression1Context.accept(org.antlr.v4.runtime.tree.ParseTreeVisitor)" because "rightCtx" is null

crux.CompilerStageTests.ast  Time elapsed: 0 s  <<< ERROR!
java.util.concurrent.ExecutionException: java.lang.NullPointerException: Cannot invoke "crux.pt.CruxParser$Expression1Context.accept(org.antlr.v4.runtime.tree.ParseTreeVisitor)" because "rightCtx" is null
	at crux.CompilerStageTests.lambda$ast$3(CompilerStageTests.java:124)
Caused by: java.lang.NullPointerException: Cannot invoke "crux.pt.CruxParser$Expression1Context.accept(org.antlr.v4.runtime.tree.ParseTreeVisitor)" because "rightCtx" is null

crux.CompilerStageTests.ast  Time elapsed: 0.001 s  <<< ERROR!
java.util.concurrent.ExecutionException: java.lang.NullPointerException: Cannot invoke "crux.pt.CruxParser$Expression1Context.accept(org.antlr.v4.runtime.tree.ParseTreeVisitor)" because "rightCtx" is null
	at crux.CompilerStageTests.lambda$ast$3(CompilerStageTests.java:124)
Caused by: java.lang.NullPointerException: Cannot invoke "crux.pt.CruxParser$Expression1Context.accept(org.antlr.v4.runtime.tree.ParseTreeVisitor)" because "rightCtx" is null

crux.CompilerStageTests.ast  Time elapsed: 0.001 s  <<< ERROR!
java.util.concurrent.ExecutionException: java.lang.NullPointerException: Cannot invoke "crux.pt.CruxParser$Expression1Context.accept(org.antlr.v4.runtime.tree.ParseTreeVisitor)" because "rightCtx" is null
	at crux.CompilerStageTests.lambda$ast$3(CompilerStageTests.java:124)
Caused by: java.lang.NullPointerException: Cannot invoke "crux.pt.CruxParser$Expression1Context.accept(org.antlr.v4.runtime.tree.ParseTreeVisitor)" because "rightCtx" is null

crux.CompilerStageTests.ast  Time elapsed: 0.001 s  <<< ERROR!
java.util.concurrent.ExecutionException: java.lang.NullPointerException: Cannot invoke "crux.pt.CruxParser$Expression1Context.accept(org.antlr.v4.runtime.tree.ParseTreeVisitor)" because "rightCtx" is null
	at crux.CompilerStageTests.lambda$ast$3(CompilerStageTests.java:124)
Caused by: java.lang.NullPointerException: Cannot invoke "crux.pt.CruxParser$Expression1Context.accept(org.antlr.v4.runtime.tree.ParseTreeVisitor)" because "rightCtx" is null

crux.CompilerStageTests.ast  Time elapsed: 0.001 s  <<< ERROR!
java.util.concurrent.ExecutionException: java.lang.NullPointerException: Cannot invoke "crux.pt.CruxParser$Expression1Context.accept(org.antlr.v4.runtime.tree.ParseTreeVisitor)" because "rightCtx" is null
	at crux.CompilerStageTests.lambda$ast$3(CompilerStageTests.java:124)
Caused by: java.lang.NullPointerException: Cannot invoke "crux.pt.CruxParser$Expression1Context.accept(org.antlr.v4.runtime.tree.ParseTreeVisitor)" because "rightCtx" is null

crux.CompilerStageTests.ast  Time elapsed: 0.001 s  <<< ERROR!
java.util.concurrent.ExecutionException: java.lang.NullPointerException: Cannot invoke "crux.pt.CruxParser$Expression1Context.accept(org.antlr.v4.runtime.tree.ParseTreeVisitor)" because "rightCtx" is null
	at crux.CompilerStageTests.lambda$ast$3(CompilerStageTests.java:124)
Caused by: java.lang.NullPointerException: Cannot invoke "crux.pt.CruxParser$Expression1Context.accept(org.antlr.v4.runtime.tree.ParseTreeVisitor)" because "rightCtx" is null

crux.CompilerStageTests.ast  Time elapsed: 0.001 s  <<< ERROR!
java.util.concurrent.ExecutionException: java.lang.NullPointerException: Cannot invoke "crux.pt.CruxParser$Expression1Context.accept(org.antlr.v4.runtime.tree.ParseTreeVisitor)" because "rightCtx" is null
	at crux.CompilerStageTests.lambda$ast$3(CompilerStageTests.java:124)
Caused by: java.lang.NullPointerException: Cannot invoke "crux.pt.CruxParser$Expression1Context.accept(org.antlr.v4.runtime.tree.ParseTreeVisitor)" because "rightCtx" is null

crux.CompilerStageTests.ast  Time elapsed: 0.001 s  <<< ERROR!
java.util.concurrent.ExecutionException: java.lang.NullPointerException: Cannot invoke "crux.pt.CruxParser$Expression1Context.accept(org.antlr.v4.runtime.tree.ParseTreeVisitor)" because "rightCtx" is null
	at crux.CompilerStageTests.lambda$ast$3(CompilerStageTests.java:124)
Caused by: java.lang.NullPointerException: Cannot invoke "crux.pt.CruxParser$Expression1Context.accept(org.antlr.v4.runtime.tree.ParseTreeVisitor)" because "rightCtx" is null

crux.CompilerStageTests.ast  Time elapsed: 0.002 s  <<< ERROR!
java.util.concurrent.ExecutionException: java.lang.NullPointerException: Cannot invoke "crux.pt.CruxParser$Expression1Context.accept(org.antlr.v4.runtime.tree.ParseTreeVisitor)" because "rightCtx" is null
	at crux.CompilerStageTests.lambda$ast$3(CompilerStageTests.java:124)
Caused by: java.lang.NullPointerException: Cannot invoke "crux.pt.CruxParser$Expression1Context.accept(org.antlr.v4.runtime.tree.ParseTreeVisitor)" because "rightCtx" is null

crux.CompilerStageTests.ast  Time elapsed: 0.001 s  <<< ERROR!
java.util.concurrent.ExecutionException: java.lang.NullPointerException: Cannot invoke "crux.pt.CruxParser$Expression1Context.accept(org.antlr.v4.runtime.tree.ParseTreeVisitor)" because "rightCtx" is null
	at crux.CompilerStageTests.lambda$ast$3(CompilerStageTests.java:124)
Caused by: java.lang.NullPointerException: Cannot invoke "crux.pt.CruxParser$Expression1Context.accept(org.antlr.v4.runtime.tree.ParseTreeVisitor)" because "rightCtx" is null

crux.CompilerStageTests.ast  Time elapsed: 0.001 s  <<< ERROR!
java.util.concurrent.ExecutionException: java.lang.NullPointerException: Cannot invoke "crux.pt.CruxParser$Expression1Context.accept(org.antlr.v4.runtime.tree.ParseTreeVisitor)" because "rightCtx" is null
	at crux.CompilerStageTests.lambda$ast$3(CompilerStageTests.java:124)
Caused by: java.lang.NullPointerException: Cannot invoke "crux.pt.CruxParser$Expression1Context.accept(org.antlr.v4.runtime.tree.ParseTreeVisitor)" because "rightCtx" is null

crux.CompilerStageTests.ast  Time elapsed: 0.001 s  <<< ERROR!
java.util.concurrent.ExecutionException: java.lang.NullPointerException: Cannot invoke "crux.pt.CruxParser$Expression1Context.accept(org.antlr.v4.runtime.tree.ParseTreeVisitor)" because "rightCtx" is null
	at crux.CompilerStageTests.lambda$ast$3(CompilerStageTests.java:124)
Caused by: java.lang.NullPointerException: Cannot invoke "crux.pt.CruxParser$Expression1Context.accept(org.antlr.v4.runtime.tree.ParseTreeVisitor)" because "rightCtx" is null

crux.CompilerStageTests.ast  Time elapsed: 0.001 s  <<< ERROR!
java.util.concurrent.ExecutionException: java.lang.NullPointerException: Cannot invoke "crux.pt.CruxParser$Expression1Context.accept(org.antlr.v4.runtime.tree.ParseTreeVisitor)" because "rightCtx" is null
	at crux.CompilerStageTests.lambda$ast$3(CompilerStageTests.java:124)
Caused by: java.lang.NullPointerException: Cannot invoke "crux.pt.CruxParser$Expression1Context.accept(org.antlr.v4.runtime.tree.ParseTreeVisitor)" because "rightCtx" is null

crux.CompilerStageTests.ast  Time elapsed: 0.001 s  <<< ERROR!
java.util.concurrent.ExecutionException: java.lang.NullPointerException: Cannot invoke "crux.pt.CruxParser$Expression1Context.accept(org.antlr.v4.runtime.tree.ParseTreeVisitor)" because "rightCtx" is null
	at crux.CompilerStageTests.lambda$ast$3(CompilerStageTests.java:124)
Caused by: java.lang.NullPointerException: Cannot invoke "crux.pt.CruxParser$Expression1Context.accept(org.antlr.v4.runtime.tree.ParseTreeVisitor)" because "rightCtx" is null

crux.CompilerStageTests.ast  Time elapsed: 0.001 s  <<< ERROR!
java.util.concurrent.ExecutionException: java.lang.NullPointerException: Cannot invoke "crux.pt.CruxParser$Expression1Context.accept(org.antlr.v4.runtime.tree.ParseTreeVisitor)" because "rightCtx" is null
	at crux.CompilerStageTests.lambda$ast$3(CompilerStageTests.java:124)
Caused by: java.lang.NullPointerException: Cannot invoke "crux.pt.CruxParser$Expression1Context.accept(org.antlr.v4.runtime.tree.ParseTreeVisitor)" because "rightCtx" is null

crux.CompilerStageTests.ast  Time elapsed: 0.001 s  <<< ERROR!
java.util.concurrent.ExecutionException: java.lang.NullPointerException: Cannot invoke "crux.pt.CruxParser$Expression1Context.accept(org.antlr.v4.runtime.tree.ParseTreeVisitor)" because "rightCtx" is null
	at crux.CompilerStageTests.lambda$ast$3(CompilerStageTests.java:124)
Caused by: java.lang.NullPointerException: Cannot invoke "crux.pt.CruxParser$Expression1Context.accept(org.antlr.v4.runtime.tree.ParseTreeVisitor)" because "rightCtx" is null

crux.CompilerStageTests.ast  Time elapsed: 0.001 s  <<< ERROR!
java.util.concurrent.ExecutionException: java.lang.NullPointerException: Cannot invoke "crux.pt.CruxParser$Expression1Context.accept(org.antlr.v4.runtime.tree.ParseTreeVisitor)" because "rightCtx" is null
	at crux.CompilerStageTests.lambda$ast$3(CompilerStageTests.java:124)
Caused by: java.lang.NullPointerException: Cannot invoke "crux.pt.CruxParser$Expression1Context.accept(org.antlr.v4.runtime.tree.ParseTreeVisitor)" because "rightCtx" is null

crux.CompilerStageTests.ast  Time elapsed: 0.002 s  <<< ERROR!
java.util.concurrent.ExecutionException: java.lang.NullPointerException: Cannot invoke "crux.pt.CruxParser$Expression1Context.accept(org.antlr.v4.runtime.tree.ParseTreeVisitor)" because "rightCtx" is null
	at crux.CompilerStageTests.lambda$ast$3(CompilerStageTests.java:124)
Caused by: java.lang.NullPointerException: Cannot invoke "crux.pt.CruxParser$Expression1Context.accept(org.antlr.v4.runtime.tree.ParseTreeVisitor)" because "rightCtx" is null

