-------------------------------------------------------------------------------
Test set: crux.CompilerStageTests
-------------------------------------------------------------------------------
Tests run: 50, Failures: 37, Errors: 12, Skipped: 0, Time elapsed: 3.199 s <<< FAILURE! - in crux.CompilerStageTests
crux.CompilerStageTests.codegen  Time elapsed: 0.171 s  <<< FAILURE!
org.opentest4j.AssertionFailedError: CodeGen for program crux/stages/codegen/test01.crx differs from expected output. ==> expected: <> but was: <1>
	at crux.CompilerStageTests.lambda$codegen$9(CompilerStageTests.java:297)

crux.CompilerStageTests.codegen  Time elapsed: 0.1 s  <<< FAILURE!
org.opentest4j.AssertionFailedError: CodeGen for program crux/stages/codegen/test02.crx differs from expected output. ==> expected: <42> but was: <1>
	at crux.CompilerStageTests.lambda$codegen$9(CompilerStageTests.java:297)

crux.CompilerStageTests.codegen  Time elapsed: 0.076 s  <<< FAILURE!
org.opentest4j.AssertionFailedError: CodeGen for program crux/stages/codegen/test03.crx differs from expected output. ==> expected: <truefalse> but was: <1>
	at crux.CompilerStageTests.lambda$codegen$9(CompilerStageTests.java:297)

crux.CompilerStageTests.codegen  Time elapsed: 0.078 s  <<< FAILURE!
org.opentest4j.AssertionFailedError: CodeGen for program crux/stages/codegen/test04.crx differs from expected output. ==> expected: <2> but was: <1>
	at crux.CompilerStageTests.lambda$codegen$9(CompilerStageTests.java:297)

crux.CompilerStageTests.codegen  Time elapsed: 0.082 s  <<< FAILURE!
org.opentest4j.AssertionFailedError: CodeGen for program crux/stages/codegen/test05.crx differs from expected output. ==> expected: <> but was: <1>
	at crux.CompilerStageTests.lambda$codegen$9(CompilerStageTests.java:297)

crux.CompilerStageTests.codegen  Time elapsed: 0.092 s  <<< FAILURE!
org.opentest4j.AssertionFailedError: CodeGen for program crux/stages/codegen/test06.crx differs from expected output. ==> expected: <10> but was: <1>
	at crux.CompilerStageTests.lambda$codegen$9(CompilerStageTests.java:297)

crux.CompilerStageTests.codegen  Time elapsed: 0.073 s  <<< FAILURE!
org.opentest4j.AssertionFailedError: CodeGen for program crux/stages/codegen/test07.crx differs from expected output. ==> expected: <42> but was: <1>
	at crux.CompilerStageTests.lambda$codegen$9(CompilerStageTests.java:297)

crux.CompilerStageTests.codegen  Time elapsed: 0.07 s  <<< FAILURE!
org.opentest4j.AssertionFailedError: CodeGen for program crux/stages/codegen/test08.crx differs from expected output. ==> expected: <5> but was: <1>
	at crux.CompilerStageTests.lambda$codegen$9(CompilerStageTests.java:297)

crux.CompilerStageTests.codegen  Time elapsed: 0.006 s  <<< ERROR!
java.util.concurrent.ExecutionException: java.lang.NullPointerException
	at crux.CompilerStageTests.lambda$codegen$9(CompilerStageTests.java:290)
Caused by: java.lang.NullPointerException

crux.CompilerStageTests.codegen  Time elapsed: 0.068 s  <<< FAILURE!
org.opentest4j.AssertionFailedError: CodeGen for program crux/stages/codegen/test10.crx differs from expected output. ==> expected: <42> but was: <1>
	at crux.CompilerStageTests.lambda$codegen$9(CompilerStageTests.java:297)

crux.CompilerStageTests.codegen  Time elapsed: 0.069 s  <<< FAILURE!
org.opentest4j.AssertionFailedError: 
CodeGen for program crux/stages/codegen/test11.crx differs from expected output. ==> expected: <7true
int?> but was: <1>
	at crux.CompilerStageTests.lambda$codegen$9(CompilerStageTests.java:297)

crux.CompilerStageTests.codegen  Time elapsed: 0.076 s  <<< FAILURE!
org.opentest4j.AssertionFailedError: CodeGen for program crux/stages/codegen/test12.crx differs from expected output. ==> expected: <1-1> but was: <1>
	at crux.CompilerStageTests.lambda$codegen$9(CompilerStageTests.java:297)

crux.CompilerStageTests.codegen  Time elapsed: 0.074 s  <<< FAILURE!
org.opentest4j.AssertionFailedError: CodeGen for program crux/stages/codegen/test13.crx differs from expected output. ==> expected: <int?7> but was: <1>
	at crux.CompilerStageTests.lambda$codegen$9(CompilerStageTests.java:297)

crux.CompilerStageTests.codegen  Time elapsed: 0.07 s  <<< FAILURE!
org.opentest4j.AssertionFailedError: CodeGen for program crux/stages/codegen/test14.crx differs from expected output. ==> expected: <int?7> but was: <1>
	at crux.CompilerStageTests.lambda$codegen$9(CompilerStageTests.java:297)

crux.CompilerStageTests.codegen  Time elapsed: 0.07 s  <<< FAILURE!
org.opentest4j.AssertionFailedError: CodeGen for program crux/stages/codegen/test15.crx differs from expected output. ==> expected: <-1> but was: <1>
	at crux.CompilerStageTests.lambda$codegen$9(CompilerStageTests.java:297)

crux.CompilerStageTests.codegen  Time elapsed: 0.07 s  <<< FAILURE!
org.opentest4j.AssertionFailedError: CodeGen for program crux/stages/codegen/test16.crx differs from expected output. ==> expected: <2> but was: <1>
	at crux.CompilerStageTests.lambda$codegen$9(CompilerStageTests.java:297)

crux.CompilerStageTests.codegen  Time elapsed: 0.077 s  <<< FAILURE!
org.opentest4j.AssertionFailedError: CodeGen for program crux/stages/codegen/test17.crx differs from expected output. ==> expected: <> but was: <1>
	at crux.CompilerStageTests.lambda$codegen$9(CompilerStageTests.java:297)

crux.CompilerStageTests.codegen  Time elapsed: 0.069 s  <<< FAILURE!
org.opentest4j.AssertionFailedError: 
CodeGen for program crux/stages/codegen/test18.crx differs from expected output. ==> expected: <0
1
2> but was: <1>
	at crux.CompilerStageTests.lambda$codegen$9(CompilerStageTests.java:297)

crux.CompilerStageTests.codegen  Time elapsed: 0.006 s  <<< ERROR!
java.util.concurrent.ExecutionException: java.lang.NullPointerException
	at crux.CompilerStageTests.lambda$codegen$9(CompilerStageTests.java:290)
Caused by: java.lang.NullPointerException

crux.CompilerStageTests.codegen  Time elapsed: 0.07 s  <<< FAILURE!
org.opentest4j.AssertionFailedError: CodeGen for program crux/stages/codegen/test20.crx differs from expected output. ==> expected: <-5> but was: <1>
	at crux.CompilerStageTests.lambda$codegen$9(CompilerStageTests.java:297)

crux.CompilerStageTests.codegen  Time elapsed: 0.149 s  <<< FAILURE!
org.opentest4j.AssertionFailedError: CodeGen for program crux/stages/codegen/test21.crx differs from expected output. ==> expected: <Hello> but was: <1>
	at crux.CompilerStageTests.lambda$codegen$9(CompilerStageTests.java:297)

crux.CompilerStageTests.codegen  Time elapsed: 0.071 s  <<< FAILURE!
org.opentest4j.AssertionFailedError: CodeGen for program crux/stages/codegen/test22.crx differs from expected output. ==> expected: <100> but was: <1>
	at crux.CompilerStageTests.lambda$codegen$9(CompilerStageTests.java:297)

crux.CompilerStageTests.codegen  Time elapsed: 0.071 s  <<< FAILURE!
org.opentest4j.AssertionFailedError: CodeGen for program crux/stages/codegen/test23.crx differs from expected output. ==> expected: <> but was: <1>
	at crux.CompilerStageTests.lambda$codegen$9(CompilerStageTests.java:297)

crux.CompilerStageTests.codegen  Time elapsed: 0.07 s  <<< FAILURE!
org.opentest4j.AssertionFailedError: CodeGen for program crux/stages/codegen/test24.crx differs from expected output. ==> expected: <100> but was: <1>
	at crux.CompilerStageTests.lambda$codegen$9(CompilerStageTests.java:297)

crux.CompilerStageTests.codegen  Time elapsed: 0.071 s  <<< FAILURE!
org.opentest4j.AssertionFailedError: CodeGen for program crux/stages/codegen/test25.crx differs from expected output. ==> expected: <0-1> but was: <1>
	at crux.CompilerStageTests.lambda$codegen$9(CompilerStageTests.java:297)

crux.CompilerStageTests.codegen  Time elapsed: 0.074 s  <<< FAILURE!
org.opentest4j.AssertionFailedError: 
CodeGen for program crux/stages/codegen/test26.crx differs from expected output. ==> expected: <9
8
7
6
5
4
3
2
1
-50> but was: <1>
	at crux.CompilerStageTests.lambda$codegen$9(CompilerStageTests.java:297)

crux.CompilerStageTests.codegen  Time elapsed: 0.006 s  <<< ERROR!
java.util.concurrent.ExecutionException: java.lang.NullPointerException
	at crux.CompilerStageTests.lambda$codegen$9(CompilerStageTests.java:290)
Caused by: java.lang.NullPointerException

crux.CompilerStageTests.codegen  Time elapsed: 0.006 s  <<< ERROR!
java.util.concurrent.ExecutionException: java.lang.NullPointerException
	at crux.CompilerStageTests.lambda$codegen$9(CompilerStageTests.java:290)
Caused by: java.lang.NullPointerException

crux.CompilerStageTests.codegen  Time elapsed: 0.007 s  <<< ERROR!
java.util.concurrent.ExecutionException: java.lang.NullPointerException
	at crux.CompilerStageTests.lambda$codegen$9(CompilerStageTests.java:290)
Caused by: java.lang.NullPointerException

crux.CompilerStageTests.codegen  Time elapsed: 0.074 s  <<< FAILURE!
org.opentest4j.AssertionFailedError: CodeGen for program crux/stages/codegen/test30.crx differs from expected output. ==> expected: <02223334440> but was: <1>
	at crux.CompilerStageTests.lambda$codegen$9(CompilerStageTests.java:297)

crux.CompilerStageTests.codegen  Time elapsed: 0.006 s  <<< ERROR!
java.util.concurrent.ExecutionException: java.lang.NullPointerException
	at crux.CompilerStageTests.lambda$codegen$9(CompilerStageTests.java:290)
Caused by: java.lang.NullPointerException

crux.CompilerStageTests.codegen  Time elapsed: 0.069 s  <<< FAILURE!
org.opentest4j.AssertionFailedError: 
CodeGen for program crux/stages/codegen/test32.crx differs from expected output. ==> expected: <1
true
0
1
true
1
true
0
0
false> but was: <1>
	at crux.CompilerStageTests.lambda$codegen$9(CompilerStageTests.java:297)

crux.CompilerStageTests.codegen  Time elapsed: 0.069 s  <<< FAILURE!
org.opentest4j.AssertionFailedError: 
CodeGen for program crux/stages/codegen/test33.crx differs from expected output. ==> expected: <1
1
true
0
false
1
0
false
0
false> but was: <1>
	at crux.CompilerStageTests.lambda$codegen$9(CompilerStageTests.java:297)

crux.CompilerStageTests.codegen  Time elapsed: 0.07 s  <<< FAILURE!
org.opentest4j.AssertionFailedError: 
CodeGen for program crux/stages/codegen/test34.crx differs from expected output. ==> expected: <22
38
1
5
7
0
3
56
5
11
4> but was: <1>
	at crux.CompilerStageTests.lambda$codegen$9(CompilerStageTests.java:297)

crux.CompilerStageTests.codegen  Time elapsed: 0.007 s  <<< ERROR!
java.util.concurrent.ExecutionException: java.lang.NullPointerException
	at crux.CompilerStageTests.lambda$codegen$9(CompilerStageTests.java:290)
Caused by: java.lang.NullPointerException

crux.CompilerStageTests.codegen  Time elapsed: 0.069 s  <<< FAILURE!
org.opentest4j.AssertionFailedError: CodeGen for program crux/stages/codegen/test36.crx differs from expected output. ==> expected: <Hello World> but was: <1>
	at crux.CompilerStageTests.lambda$codegen$9(CompilerStageTests.java:297)

crux.CompilerStageTests.codegen  Time elapsed: 0.069 s  <<< FAILURE!
org.opentest4j.AssertionFailedError: 
CodeGen for program crux/stages/codegen/test38.crx differs from expected output. ==> expected: <true
true
true
false
true
false
true
false
true
true
true
false
false
false
true
true
true
true
true> but was: <1>
	at crux.CompilerStageTests.lambda$codegen$9(CompilerStageTests.java:297)

crux.CompilerStageTests.codegen  Time elapsed: 0.006 s  <<< ERROR!
java.util.concurrent.ExecutionException: java.lang.NullPointerException
	at crux.CompilerStageTests.lambda$codegen$9(CompilerStageTests.java:290)
Caused by: java.lang.NullPointerException

crux.CompilerStageTests.codegen  Time elapsed: 0.006 s  <<< ERROR!
java.util.concurrent.ExecutionException: java.lang.NullPointerException
	at crux.CompilerStageTests.lambda$codegen$9(CompilerStageTests.java:290)
Caused by: java.lang.NullPointerException

crux.CompilerStageTests.codegen  Time elapsed: 0.072 s  <<< FAILURE!
org.opentest4j.AssertionFailedError: CodeGen for program crux/stages/codegen/test41.crx differs from expected output. ==> expected: <> but was: <1>
	at crux.CompilerStageTests.lambda$codegen$9(CompilerStageTests.java:297)

crux.CompilerStageTests.codegen  Time elapsed: 0.072 s  <<< FAILURE!
org.opentest4j.AssertionFailedError: 
CodeGen for program crux/stages/codegen/test42.crx differs from expected output. ==> expected: <1
0
4> but was: <1>
	at crux.CompilerStageTests.lambda$codegen$9(CompilerStageTests.java:297)

crux.CompilerStageTests.codegen  Time elapsed: 0.006 s  <<< ERROR!
java.util.concurrent.ExecutionException: java.lang.NullPointerException
	at crux.CompilerStageTests.lambda$codegen$9(CompilerStageTests.java:290)
Caused by: java.lang.NullPointerException

crux.CompilerStageTests.codegen  Time elapsed: 0.069 s  <<< FAILURE!
org.opentest4j.AssertionFailedError: CodeGen for program crux/stages/codegen/test44.crx differs from expected output. ==> expected: <5555555555555> but was: <1>
	at crux.CompilerStageTests.lambda$codegen$9(CompilerStageTests.java:297)

crux.CompilerStageTests.codegen  Time elapsed: 0.006 s  <<< ERROR!
java.util.concurrent.ExecutionException: java.lang.NullPointerException
	at crux.CompilerStageTests.lambda$codegen$9(CompilerStageTests.java:290)
Caused by: java.lang.NullPointerException

crux.CompilerStageTests.codegen  Time elapsed: 0.071 s  <<< FAILURE!
org.opentest4j.AssertionFailedError: 
CodeGen for program crux/stages/codegen/test46.crx differs from expected output. ==> expected: <999999
199199199
299299299
399399399
499499499
00> but was: <1>
	at crux.CompilerStageTests.lambda$codegen$9(CompilerStageTests.java:297)

crux.CompilerStageTests.codegen  Time elapsed: 0.072 s  <<< FAILURE!
org.opentest4j.AssertionFailedError: 
CodeGen for program crux/stages/codegen/test47.crx differs from expected output. ==> expected: <true
3
20
1> but was: <1>
	at crux.CompilerStageTests.lambda$codegen$9(CompilerStageTests.java:297)

crux.CompilerStageTests.codegen  Time elapsed: 0.147 s  <<< FAILURE!
org.opentest4j.AssertionFailedError: 
CodeGen for program crux/stages/codegen/test48.crx differs from expected output. ==> expected: <1
1
2
3
5
8
13
21
34
55> but was: <1>
	at crux.CompilerStageTests.lambda$codegen$9(CompilerStageTests.java:297)

crux.CompilerStageTests.codegen  Time elapsed: 0.071 s  <<< FAILURE!
org.opentest4j.AssertionFailedError: 
CodeGen for program crux/stages/codegen/test49.crx differs from expected output. ==> expected: <1
2
3
4
5
6
7
8
9
10
11
12
13
14> but was: <1>
	at crux.CompilerStageTests.lambda$codegen$9(CompilerStageTests.java:297)

crux.CompilerStageTests.codegen  Time elapsed: 0.011 s  <<< ERROR!
java.util.concurrent.ExecutionException: java.lang.NullPointerException
	at crux.CompilerStageTests.lambda$codegen$9(CompilerStageTests.java:290)
Caused by: java.lang.NullPointerException

