-------------------------------------------------------------------------------
Test set: crux.CompilerStageTests
-------------------------------------------------------------------------------
Tests run: 50, Failures: 0, Errors: 50, Skipped: 0, Time elapsed: 0.43 s <<< FAILURE! - in crux.CompilerStageTests
crux.CompilerStageTests.ast  Time elapsed: 0.152 s  <<< ERROR!
java.util.concurrent.ExecutionException: java.lang.NullPointerException
	at crux.CompilerStageTests.lambda$ast$3(CompilerStageTests.java:124)
Caused by: java.lang.NullPointerException

crux.CompilerStageTests.ast  Time elapsed: 0.006 s  <<< ERROR!
java.util.concurrent.ExecutionException: java.lang.NullPointerException
	at crux.CompilerStageTests.lambda$ast$3(CompilerStageTests.java:124)
Caused by: java.lang.NullPointerException

crux.CompilerStageTests.ast  Time elapsed: 0.008 s  <<< ERROR!
java.util.concurrent.ExecutionException: java.lang.NullPointerException
	at crux.CompilerStageTests.lambda$ast$3(CompilerStageTests.java:124)
Caused by: java.lang.NullPointerException

crux.CompilerStageTests.ast  Time elapsed: 0.004 s  <<< ERROR!
java.util.concurrent.ExecutionException: java.lang.NullPointerException
	at crux.CompilerStageTests.lambda$ast$3(CompilerStageTests.java:124)
Caused by: java.lang.NullPointerException

crux.CompilerStageTests.ast  Time elapsed: 0.004 s  <<< ERROR!
java.util.concurrent.ExecutionException: java.lang.NullPointerException
	at crux.CompilerStageTests.lambda$ast$3(CompilerStageTests.java:124)
Caused by: java.lang.NullPointerException

crux.CompilerStageTests.ast  Time elapsed: 0.006 s  <<< ERROR!
java.util.concurrent.ExecutionException: java.lang.NullPointerException
	at crux.CompilerStageTests.lambda$ast$3(CompilerStageTests.java:124)
Caused by: java.lang.NullPointerException

crux.CompilerStageTests.ast  Time elapsed: 0.003 s  <<< ERROR!
java.util.concurrent.ExecutionException: java.lang.NullPointerException
	at crux.CompilerStageTests.lambda$ast$3(CompilerStageTests.java:124)
Caused by: java.lang.NullPointerException

crux.CompilerStageTests.ast  Time elapsed: 0.003 s  <<< ERROR!
java.util.concurrent.ExecutionException: java.lang.NullPointerException
	at crux.CompilerStageTests.lambda$ast$3(CompilerStageTests.java:124)
Caused by: java.lang.NullPointerException

crux.CompilerStageTests.ast  Time elapsed: 0.003 s  <<< ERROR!
java.util.concurrent.ExecutionException: java.lang.NullPointerException
	at crux.CompilerStageTests.lambda$ast$3(CompilerStageTests.java:124)
Caused by: java.lang.NullPointerException

crux.CompilerStageTests.ast  Time elapsed: 0.003 s  <<< ERROR!
java.util.concurrent.ExecutionException: java.lang.NullPointerException
	at crux.CompilerStageTests.lambda$ast$3(CompilerStageTests.java:124)
Caused by: java.lang.NullPointerException

crux.CompilerStageTests.ast  Time elapsed: 0.003 s  <<< ERROR!
java.util.concurrent.ExecutionException: java.lang.NullPointerException
	at crux.CompilerStageTests.lambda$ast$3(CompilerStageTests.java:124)
Caused by: java.lang.NullPointerException

crux.CompilerStageTests.ast  Time elapsed: 0.003 s  <<< ERROR!
java.util.concurrent.ExecutionException: java.lang.NullPointerException
	at crux.CompilerStageTests.lambda$ast$3(CompilerStageTests.java:124)
Caused by: java.lang.NullPointerException

crux.CompilerStageTests.ast  Time elapsed: 0.003 s  <<< ERROR!
java.util.concurrent.ExecutionException: java.lang.NullPointerException
	at crux.CompilerStageTests.lambda$ast$3(CompilerStageTests.java:124)
Caused by: java.lang.NullPointerException

crux.CompilerStageTests.ast  Time elapsed: 0.002 s  <<< ERROR!
java.util.concurrent.ExecutionException: java.lang.NullPointerException
	at crux.CompilerStageTests.lambda$ast$3(CompilerStageTests.java:124)
Caused by: java.lang.NullPointerException

crux.CompilerStageTests.ast  Time elapsed: 0.002 s  <<< ERROR!
java.util.concurrent.ExecutionException: java.lang.NullPointerException
	at crux.CompilerStageTests.lambda$ast$3(CompilerStageTests.java:124)
Caused by: java.lang.NullPointerException

crux.CompilerStageTests.ast  Time elapsed: 0.003 s  <<< ERROR!
java.util.concurrent.ExecutionException: java.lang.NullPointerException
	at crux.CompilerStageTests.lambda$ast$3(CompilerStageTests.java:124)
Caused by: java.lang.NullPointerException

crux.CompilerStageTests.ast  Time elapsed: 0.004 s  <<< ERROR!
java.util.concurrent.ExecutionException: java.lang.NullPointerException
	at crux.CompilerStageTests.lambda$ast$3(CompilerStageTests.java:124)
Caused by: java.lang.NullPointerException

crux.CompilerStageTests.ast  Time elapsed: 0.003 s  <<< ERROR!
java.util.concurrent.ExecutionException: java.lang.NullPointerException
	at crux.CompilerStageTests.lambda$ast$3(CompilerStageTests.java:124)
Caused by: java.lang.NullPointerException

crux.CompilerStageTests.ast  Time elapsed: 0.003 s  <<< ERROR!
java.util.concurrent.ExecutionException: java.lang.NullPointerException
	at crux.CompilerStageTests.lambda$ast$3(CompilerStageTests.java:124)
Caused by: java.lang.NullPointerException

crux.CompilerStageTests.ast  Time elapsed: 0.003 s  <<< ERROR!
java.util.concurrent.ExecutionException: java.lang.NullPointerException
	at crux.CompilerStageTests.lambda$ast$3(CompilerStageTests.java:124)
Caused by: java.lang.NullPointerException

crux.CompilerStageTests.ast  Time elapsed: 0.002 s  <<< ERROR!
java.util.concurrent.ExecutionException: java.lang.NullPointerException
	at crux.CompilerStageTests.lambda$ast$3(CompilerStageTests.java:124)
Caused by: java.lang.NullPointerException

crux.CompilerStageTests.ast  Time elapsed: 0.003 s  <<< ERROR!
java.util.concurrent.ExecutionException: java.lang.NullPointerException
	at crux.CompilerStageTests.lambda$ast$3(CompilerStageTests.java:124)
Caused by: java.lang.NullPointerException

crux.CompilerStageTests.ast  Time elapsed: 0.003 s  <<< ERROR!
java.util.concurrent.ExecutionException: java.lang.NullPointerException
	at crux.CompilerStageTests.lambda$ast$3(CompilerStageTests.java:124)
Caused by: java.lang.NullPointerException

crux.CompilerStageTests.ast  Time elapsed: 0.003 s  <<< ERROR!
java.util.concurrent.ExecutionException: java.lang.NullPointerException
	at crux.CompilerStageTests.lambda$ast$3(CompilerStageTests.java:124)
Caused by: java.lang.NullPointerException

crux.CompilerStageTests.ast  Time elapsed: 0.002 s  <<< ERROR!
java.util.concurrent.ExecutionException: java.lang.NullPointerException
	at crux.CompilerStageTests.lambda$ast$3(CompilerStageTests.java:124)
Caused by: java.lang.NullPointerException

crux.CompilerStageTests.ast  Time elapsed: 0.003 s  <<< ERROR!
java.util.concurrent.ExecutionException: java.lang.NullPointerException
	at crux.CompilerStageTests.lambda$ast$3(CompilerStageTests.java:124)
Caused by: java.lang.NullPointerException

crux.CompilerStageTests.ast  Time elapsed: 0.003 s  <<< ERROR!
java.util.concurrent.ExecutionException: java.lang.NullPointerException
	at crux.CompilerStageTests.lambda$ast$3(CompilerStageTests.java:124)
Caused by: java.lang.NullPointerException

crux.CompilerStageTests.ast  Time elapsed: 0.003 s  <<< ERROR!
java.util.concurrent.ExecutionException: java.lang.NullPointerException
	at crux.CompilerStageTests.lambda$ast$3(CompilerStageTests.java:124)
Caused by: java.lang.NullPointerException

crux.CompilerStageTests.ast  Time elapsed: 0.003 s  <<< ERROR!
java.util.concurrent.ExecutionException: java.lang.NullPointerException
	at crux.CompilerStageTests.lambda$ast$3(CompilerStageTests.java:124)
Caused by: java.lang.NullPointerException

crux.CompilerStageTests.ast  Time elapsed: 0.003 s  <<< ERROR!
java.util.concurrent.ExecutionException: java.lang.NullPointerException
	at crux.CompilerStageTests.lambda$ast$3(CompilerStageTests.java:124)
Caused by: java.lang.NullPointerException

crux.CompilerStageTests.ast  Time elapsed: 0.003 s  <<< ERROR!
java.util.concurrent.ExecutionException: java.lang.NullPointerException
	at crux.CompilerStageTests.lambda$ast$3(CompilerStageTests.java:124)
Caused by: java.lang.NullPointerException

crux.CompilerStageTests.ast  Time elapsed: 0.003 s  <<< ERROR!
java.util.concurrent.ExecutionException: java.lang.NullPointerException
	at crux.CompilerStageTests.lambda$ast$3(CompilerStageTests.java:124)
Caused by: java.lang.NullPointerException

crux.CompilerStageTests.ast  Time elapsed: 0.002 s  <<< ERROR!
java.util.concurrent.ExecutionException: java.lang.NullPointerException
	at crux.CompilerStageTests.lambda$ast$3(CompilerStageTests.java:124)
Caused by: java.lang.NullPointerException

crux.CompilerStageTests.ast  Time elapsed: 0.003 s  <<< ERROR!
java.util.concurrent.ExecutionException: java.lang.NullPointerException
	at crux.CompilerStageTests.lambda$ast$3(CompilerStageTests.java:124)
Caused by: java.lang.NullPointerException

crux.CompilerStageTests.ast  Time elapsed: 0.002 s  <<< ERROR!
java.util.concurrent.ExecutionException: java.lang.NullPointerException
	at crux.CompilerStageTests.lambda$ast$3(CompilerStageTests.java:124)
Caused by: java.lang.NullPointerException

crux.CompilerStageTests.ast  Time elapsed: 0.005 s  <<< ERROR!
java.util.concurrent.ExecutionException: java.lang.NullPointerException
	at crux.CompilerStageTests.lambda$ast$3(CompilerStageTests.java:124)
Caused by: java.lang.NullPointerException

crux.CompilerStageTests.ast  Time elapsed: 0.003 s  <<< ERROR!
java.util.concurrent.ExecutionException: java.lang.NullPointerException
	at crux.CompilerStageTests.lambda$ast$3(CompilerStageTests.java:124)
Caused by: java.lang.NullPointerException

crux.CompilerStageTests.ast  Time elapsed: 0.002 s  <<< ERROR!
java.util.concurrent.ExecutionException: java.lang.NullPointerException
	at crux.CompilerStageTests.lambda$ast$3(CompilerStageTests.java:124)
Caused by: java.lang.NullPointerException

crux.CompilerStageTests.ast  Time elapsed: 0.002 s  <<< ERROR!
java.util.concurrent.ExecutionException: java.lang.NullPointerException
	at crux.CompilerStageTests.lambda$ast$3(CompilerStageTests.java:124)
Caused by: java.lang.NullPointerException

crux.CompilerStageTests.ast  Time elapsed: 0.003 s  <<< ERROR!
java.util.concurrent.ExecutionException: java.lang.NullPointerException
	at crux.CompilerStageTests.lambda$ast$3(CompilerStageTests.java:124)
Caused by: java.lang.NullPointerException

crux.CompilerStageTests.ast  Time elapsed: 0.003 s  <<< ERROR!
java.util.concurrent.ExecutionException: java.lang.NullPointerException
	at crux.CompilerStageTests.lambda$ast$3(CompilerStageTests.java:124)
Caused by: java.lang.NullPointerException

crux.CompilerStageTests.ast  Time elapsed: 0.002 s  <<< ERROR!
java.util.concurrent.ExecutionException: java.lang.NullPointerException
	at crux.CompilerStageTests.lambda$ast$3(CompilerStageTests.java:124)
Caused by: java.lang.NullPointerException

crux.CompilerStageTests.ast  Time elapsed: 0.002 s  <<< ERROR!
java.util.concurrent.ExecutionException: java.lang.NullPointerException
	at crux.CompilerStageTests.lambda$ast$3(CompilerStageTests.java:124)
Caused by: java.lang.NullPointerException

crux.CompilerStageTests.ast  Time elapsed: 0.002 s  <<< ERROR!
java.util.concurrent.ExecutionException: java.lang.NullPointerException
	at crux.CompilerStageTests.lambda$ast$3(CompilerStageTests.java:124)
Caused by: java.lang.NullPointerException

crux.CompilerStageTests.ast  Time elapsed: 0.002 s  <<< ERROR!
java.util.concurrent.ExecutionException: java.lang.NullPointerException
	at crux.CompilerStageTests.lambda$ast$3(CompilerStageTests.java:124)
Caused by: java.lang.NullPointerException

crux.CompilerStageTests.ast  Time elapsed: 0.002 s  <<< ERROR!
java.util.concurrent.ExecutionException: java.lang.NullPointerException
	at crux.CompilerStageTests.lambda$ast$3(CompilerStageTests.java:124)
Caused by: java.lang.NullPointerException

crux.CompilerStageTests.ast  Time elapsed: 0.003 s  <<< ERROR!
java.util.concurrent.ExecutionException: java.lang.NullPointerException
	at crux.CompilerStageTests.lambda$ast$3(CompilerStageTests.java:124)
Caused by: java.lang.NullPointerException

crux.CompilerStageTests.ast  Time elapsed: 0.005 s  <<< ERROR!
java.util.concurrent.ExecutionException: java.lang.NullPointerException
	at crux.CompilerStageTests.lambda$ast$3(CompilerStageTests.java:124)
Caused by: java.lang.NullPointerException

crux.CompilerStageTests.ast  Time elapsed: 0.003 s  <<< ERROR!
java.util.concurrent.ExecutionException: java.lang.NullPointerException
	at crux.CompilerStageTests.lambda$ast$3(CompilerStageTests.java:124)
Caused by: java.lang.NullPointerException

crux.CompilerStageTests.ast  Time elapsed: 0.005 s  <<< ERROR!
java.util.concurrent.ExecutionException: java.lang.NullPointerException
	at crux.CompilerStageTests.lambda$ast$3(CompilerStageTests.java:124)
Caused by: java.lang.NullPointerException

