<?xml version="1.0" encoding="UTF-8"?>
<testsuite xmlns:xsi="http://www.w3.org/2001/XMLSchema-instance" xsi:noNamespaceSchemaLocation="https://maven.apache.org/surefire/maven-surefire-plugin/xsd/surefire-test-report-3.0.xsd" version="3.0" name="crux.CompilerStageTests" time="4.09" tests="50" errors="0" skipped="0" failures="1">
  <properties>
[...]
</properties>
  <testcase name="codegen" classname="crux.CompilerStageTests" time="0.166"/>
  <testcase name="codegen" classname="crux.CompilerStageTests" time="0.12"/>
  <testcase name="codegen" classname="crux.CompilerStageTests" time="0.083"/>
  <testcase name="codegen" classname="crux.CompilerStageTests" time="0.087"/>
  <testcase name="codegen" classname="crux.CompilerStageTests" time="0.077"/>
  <testcase name="codegen" classname="crux.CompilerStageTests" time="0.085"/>
  <testcase name="codegen" classname="crux.CompilerStageTests" time="0.074"/>
  <testcase name="codegen" classname="crux.CompilerStageTests" time="0.073"/>
  <testcase name="codegen" classname="crux.CompilerStageTests" time="0.076"/>
  <testcase name="codegen" classname="crux.CompilerStageTests" time="0.078"/>
  <testcase name="codegen" classname="crux.CompilerStageTests" time="0.076"/>
  <testcase name="codegen" classname="crux.CompilerStageTests" time="0.077"/>
  <testcase name="codegen" classname="crux.CompilerStageTests" time="0.079"/>
  <testcase name="codegen" classname="crux.CompilerStageTests" time="0.073"/>
  <testcase name="codegen" classname="crux.CompilerStageTests" time="0.073"/>
  <testcase name="codegen" classname="crux.CompilerStageTests" time="0.072"/>
  <testcase name="codegen" classname="crux.CompilerStageTests" time="0.081"/>
  <testcase name="codegen" classname="crux.CompilerStageTests" time="0.074"/>
  <testcase name="codegen" classname="crux.CompilerStageTests" time="0.175"/>
  <testcase name="codegen" classname="crux.CompilerStageTests" time="0.073"/>
  <testcase name="codegen" classname="crux.CompilerStageTests" time="0.07"/>
  <testcase name="codegen" classname="crux.CompilerStageTests" time="0.072"/>
  <testcase name="codegen" classname="crux.CompilerStageTests" time="0.073"/>
  <testcase name="codegen" classname="crux.CompilerStageTests" time="0.071"/>
  <testcase name="codegen" classname="crux.CompilerStageTests" time="0.075"/>
  <testcase name="codegen" classname="crux.CompilerStageTests" time="0.079"/>
  <testcase name="codegen" classname="crux.CompilerStageTests" time="0.073"/>
  <testcase name="codegen" classname="crux.CompilerStageTests" time="0.073"/>
  <testcase name="codegen" classname="crux.CompilerStageTests" time="0.075"/>
  <testcase name="codegen" classname="crux.CompilerStageTests" time="0.074"/>
  <testcase name="codegen" classname="crux.CompilerStageTests" time="0.076"/>
  <testcase name="codegen" classname="crux.CompilerStageTests" time="0.074"/>
  <testcase name="codegen" classname="crux.CompilerStageTests" time="0.072"/>
  <testcase name="codegen" classname="crux.CompilerStageTests" time="0.077"/>
  <testcase name="codegen" classname="crux.CompilerStageTests" time="0.076"/>
  <testcase name="codegen" classname="crux.CompilerStageTests" time="0.077"/>
  <testcase name="codegen" classname="crux.CompilerStageTests" time="0.073"/>
  <testcase name="codegen" classname="crux.CompilerStageTests" time="0.078"/>
  <testcase name="codegen" classname="crux.CompilerStageTests" time="0.076"/>
  <testcase name="codegen" classname="crux.CompilerStageTests" time="0.075"/>
  <testcase name="codegen" classname="crux.CompilerStageTests" time="0.073"/>
  <testcase name="codegen" classname="crux.CompilerStageTests" time="0.071"/>
  <testcase name="codegen" classname="crux.CompilerStageTests" time="0.073"/>
  <testcase name="codegen" classname="crux.CompilerStageTests" time="0.071"/>
  <testcase name="codegen" classname="crux.CompilerStageTests" time="0.074"/>
  <testcase name="codegen" classname="crux.CompilerStageTests" time="0.072"/>
  <testcase name="codegen" classname="crux.CompilerStageTests" time="0.077"/>
  <testcase name="codegen" classname="crux.CompilerStageTests" time="0.074"/>
  <testcase name="codegen" classname="crux.CompilerStageTests" time="0.076"/>
  <testcase name="codegen" classname="crux.CompilerStageTests" time="0.086">
    <failure type="org.opentest4j.AssertionFailedError"><![CDATA[org.opentest4j.AssertionFailedError: CodeGen for program crux/stages/codegen/test50.crx differs from expected output. ==> expected: <Congrats on passing the last test case!> but was: <>
	at crux.CompilerStageTests.lambda$codegen$9(CompilerStageTests.java:297)
]]></failure>
  </testcase>
</testsuite>