<?xml version="1.0" encoding="UTF-8"?>
<testsuite xmlns:xsi="http://www.w3.org/2001/XMLSchema-instance" xsi:noNamespaceSchemaLocation="https://maven.apache.org/surefire/maven-surefire-plugin/xsd/surefire-test-report-3.0.xsd" version="3.0" name="crux.CompilerStageTests" time="0.239" tests="50" errors="4" skipped="0" failures="7">
  <properties>
    <property name="java.specification.version" value="18"/>
    <property name="sun.cpu.isalist" value="amd64"/>
    <property name="sun.jnu.encoding" value="Cp1252"/>
    <property name="java.class.path" value="C:\Users\youse\IdeaProjects\crux\target\test-classes;C:\Users\youse\IdeaProjects\crux\target\classes;C:\Users\youse\.m2\repository\org\antlr\antlr4-runtime\4.7.2\antlr4-runtime-4.7.2.jar;C:\Users\youse\.m2\repository\org\junit\jupiter\junit-jupiter-api\5.5.2\junit-jupiter-api-5.5.2.jar;C:\Users\youse\.m2\repository\org\apiguardian\apiguardian-api\1.1.0\apiguardian-api-1.1.0.jar;C:\Users\youse\.m2\repository\org\opentest4j\opentest4j\1.2.0\opentest4j-1.2.0.jar;C:\Users\youse\.m2\repository\org\junit\platform\junit-platform-commons\1.5.2\junit-platform-commons-1.5.2.jar;C:\Users\youse\.m2\repository\org\junit\jupiter\junit-jupiter-engine\5.5.2\junit-jupiter-engine-5.5.2.jar;C:\Users\youse\.m2\repository\org\junit\platform\junit-platform-engine\1.5.2\junit-platform-engine-1.5.2.jar;"/>
    <property name="java.vm.vendor" value="Oracle Corporation"/>
    <property name="sun.arch.data.model" value="64"/>
    <property name="user.variant" value=""/>
    <property name="java.vendor.url" value="https://java.oracle.com/"/>
    <property name="user.timezone" value="America/Los_Angeles"/>
    <property name="os.name" value="Windows 11"/>
    <property name="java.vm.specification.version" value="18"/>
    <property name="sun.java.launcher" value="SUN_STANDARD"/>
    <property name="user.country" value="US"/>
    <property name="sun.boot.library.path" value="C:\Users\youse\.jdks\openjdk-18.0.1.1\bin"/>
    <property name="sun.java.command" value="C:\Users\youse\AppData\Local\Temp\surefire8174527773154510415\surefirebooter4508462549882714357.jar C:\Users\youse\AppData\Local\Temp\surefire8174527773154510415 2022-05-15T23-28-44_644-jvmRun1 surefire12725777827672256347tmp surefire_04743887512572933065tmp"/>
    <property name="jdk.debug" value="release"/>
    <property name="surefire.test.class.path" value="C:\Users\youse\IdeaProjects\crux\target\test-classes;C:\Users\youse\IdeaProjects\crux\target\classes;C:\Users\youse\.m2\repository\org\antlr\antlr4-runtime\4.7.2\antlr4-runtime-4.7.2.jar;C:\Users\youse\.m2\repository\org\junit\jupiter\junit-jupiter-api\5.5.2\junit-jupiter-api-5.5.2.jar;C:\Users\youse\.m2\repository\org\apiguardian\apiguardian-api\1.1.0\apiguardian-api-1.1.0.jar;C:\Users\youse\.m2\repository\org\opentest4j\opentest4j\1.2.0\opentest4j-1.2.0.jar;C:\Users\youse\.m2\repository\org\junit\platform\junit-platform-commons\1.5.2\junit-platform-commons-1.5.2.jar;C:\Users\youse\.m2\repository\org\junit\jupiter\junit-jupiter-engine\5.5.2\junit-jupiter-engine-5.5.2.jar;C:\Users\youse\.m2\repository\org\junit\platform\junit-platform-engine\1.5.2\junit-platform-engine-1.5.2.jar;"/>
    <property name="sun.cpu.endian" value="little"/>
    <property name="user.home" value="C:\Users\youse"/>
    <property name="user.language" value="en"/>
    <property name="java.specification.vendor" value="Oracle Corporation"/>
    <property name="java.version.date" value="2022-04-22"/>
    <property name="java.home" value="C:\Users\youse\.jdks\openjdk-18.0.1.1"/>
    <property name="file.separator" value="\"/>
    <property name="basedir" value="C:\Users\youse\IdeaProjects\crux"/>
    <property name="java.vm.compressedOopsMode" value="Zero based"/>
    <property name="line.separator" value="&#10;"/>
    <property name="java.vm.specification.vendor" value="Oracle Corporation"/>
    <property name="java.specification.name" value="Java Platform API Specification"/>
    <property name="surefire.real.class.path" value="C:\Users\youse\AppData\Local\Temp\surefire8174527773154510415\surefirebooter4508462549882714357.jar"/>
    <property name="user.script" value=""/>
    <property name="sun.management.compiler" value="HotSpot 64-Bit Tiered Compilers"/>
    <property name="java.runtime.version" value="18.0.1.1+2-6"/>
    <property name="user.name" value="youse"/>
    <property name="path.separator" value=";"/>
    <property name="os.version" value="10.0"/>
    <property name="java.runtime.name" value="OpenJDK Runtime Environment"/>
    <property name="file.encoding" value="UTF-8"/>
    <property name="java.vm.name" value="OpenJDK 64-Bit Server VM"/>
    <property name="localRepository" value="C:\Users\youse\.m2\repository"/>
    <property name="java.vendor.url.bug" value="https://bugreport.java.com/bugreport/"/>
    <property name="java.io.tmpdir" value="C:\Users\youse\AppData\Local\Temp\"/>
    <property name="idea.version" value="2021.3.3"/>
    <property name="java.version" value="18.0.1.1"/>
    <property name="user.dir" value="C:\Users\youse\IdeaProjects\crux"/>
    <property name="os.arch" value="amd64"/>
    <property name="java.vm.specification.name" value="Java Virtual Machine Specification"/>
    <property name="sun.os.patch.level" value=""/>
    <property name="native.encoding" value="Cp1252"/>
    <property name="java.library.path" value="C:\Users\youse\.jdks\openjdk-18.0.1.1\bin;C:\WINDOWS\Sun\Java\bin;C:\WINDOWS\system32;C:\WINDOWS;C:\Program Files (x86)\VMware\VMware Workstation\bin\;C:\WINDOWS\system32;C:\WINDOWS;C:\WINDOWS\System32\Wbem;C:\WINDOWS\System32\WindowsPowerShell\v1.0\;C:\WINDOWS\System32\OpenSSH\;C:\Program Files\dotnet\;C:\Program Files\PuTTY\;C:\Program Files\Git\cmd;C:\Users\youse\AppData\Local\Microsoft\WindowsApps;;C:\Program Files\JetBrains\IntelliJ IDEA 2021.3.2\bin;;."/>
    <property name="java.vm.info" value="mixed mode, sharing"/>
    <property name="java.vendor" value="Oracle Corporation"/>
    <property name="java.vm.version" value="18.0.1.1+2-6"/>
    <property name="sun.io.unicode.encoding" value="UnicodeLittle"/>
    <property name="java.class.version" value="62.0"/>
  </properties>
  <testcase name="emulateIR" classname="crux.CompilerStageTests" time="0.063"/>
  <testcase name="emulateIR" classname="crux.CompilerStageTests" time="0.009"/>
  <testcase name="emulateIR" classname="crux.CompilerStageTests" time="0.005"/>
  <testcase name="emulateIR" classname="crux.CompilerStageTests" time="0.009"/>
  <testcase name="emulateIR" classname="crux.CompilerStageTests" time="0.005"/>
  <testcase name="emulateIR" classname="crux.CompilerStageTests" time="0.006"/>
  <testcase name="emulateIR" classname="crux.CompilerStageTests" time="0.007"/>
  <testcase name="emulateIR" classname="crux.CompilerStageTests" time="0.002"/>
  <testcase name="emulateIR" classname="crux.CompilerStageTests" time="0.002"/>
  <testcase name="emulateIR" classname="crux.CompilerStageTests" time="0.003"/>
  <testcase name="emulateIR" classname="crux.CompilerStageTests" time="0.002"/>
  <testcase name="emulateIR" classname="crux.CompilerStageTests" time="0.003"/>
  <testcase name="emulateIR" classname="crux.CompilerStageTests" time="0.003"/>
  <testcase name="emulateIR" classname="crux.CompilerStageTests" time="0.002"/>
  <testcase name="emulateIR" classname="crux.CompilerStageTests" time="0.001"/>
  <testcase name="emulateIR" classname="crux.CompilerStageTests" time="0.001"/>
  <testcase name="emulateIR" classname="crux.CompilerStageTests" time="0.006">
    <error type="java.util.concurrent.ExecutionException"><![CDATA[java.util.concurrent.ExecutionException: java.lang.ClassCastException: class crux.ir.AddressVar cannot be cast to class crux.ir.LocalVar (crux.ir.AddressVar and crux.ir.LocalVar are in unnamed module of loader 'app')
	at crux.CompilerStageTests.lambda$emulateIR$7(CompilerStageTests.java:222)
Caused by: java.lang.ClassCastException: class crux.ir.AddressVar cannot be cast to class crux.ir.LocalVar (crux.ir.AddressVar and crux.ir.LocalVar are in unnamed module of loader 'app')
]]></error>
  </testcase>
  <testcase name="emulateIR" classname="crux.CompilerStageTests" time="0.002"/>
  <testcase name="emulateIR" classname="crux.CompilerStageTests" time="0.002"/>
  <testcase name="emulateIR" classname="crux.CompilerStageTests" time="0.002"/>
  <testcase name="emulateIR" classname="crux.CompilerStageTests" time="0.001"/>
  <testcase name="emulateIR" classname="crux.CompilerStageTests" time="0.002"/>
  <testcase name="emulateIR" classname="crux.CompilerStageTests" time="0.001"/>
  <testcase name="emulateIR" classname="crux.CompilerStageTests" time="0.001"/>
  <testcase name="emulateIR" classname="crux.CompilerStageTests" time="0.002"/>
  <testcase name="emulateIR" classname="crux.CompilerStageTests" time="0.001">
    <error type="java.util.concurrent.ExecutionException"><![CDATA[java.util.concurrent.ExecutionException: java.lang.ClassCastException: class crux.ir.AddressVar cannot be cast to class crux.ir.LocalVar (crux.ir.AddressVar and crux.ir.LocalVar are in unnamed module of loader 'app')
	at crux.CompilerStageTests.lambda$emulateIR$7(CompilerStageTests.java:222)
Caused by: java.lang.ClassCastException: class crux.ir.AddressVar cannot be cast to class crux.ir.LocalVar (crux.ir.AddressVar and crux.ir.LocalVar are in unnamed module of loader 'app')
]]></error>
  </testcase>
  <testcase name="emulateIR" classname="crux.CompilerStageTests" time="0.002">
    <failure type="org.opentest4j.AssertionFailedError"><![CDATA[org.opentest4j.AssertionFailedError: IR for program crux/stages/ir/test27.crx differs from expected output. ==> expected: <13> but was: <1>
	at crux.CompilerStageTests.lambda$emulateIR$7(CompilerStageTests.java:229)
]]></failure>
  </testcase>
  <testcase name="emulateIR" classname="crux.CompilerStageTests" time="0.001"/>
  <testcase name="emulateIR" classname="crux.CompilerStageTests" time="0.001">
    <failure type="org.opentest4j.AssertionFailedError"><![CDATA[org.opentest4j.AssertionFailedError: 
IR for program crux/stages/ir/test29.crx differs from expected output. ==> expected: <true
false
false> but was: <true
true
false>
	at crux.CompilerStageTests.lambda$emulateIR$7(CompilerStageTests.java:229)
]]></failure>
  </testcase>
  <testcase name="emulateIR" classname="crux.CompilerStageTests" time="0.002"/>
  <testcase name="emulateIR" classname="crux.CompilerStageTests" time="0.002"/>
  <testcase name="emulateIR" classname="crux.CompilerStageTests" time="0.001">
    <failure type="org.opentest4j.AssertionFailedError"><![CDATA[org.opentest4j.AssertionFailedError: 
IR for program crux/stages/ir/test32.crx differs from expected output. ==> expected: <1
true
0
1
true
1
true
0
0
false> but was: <1>
	at crux.CompilerStageTests.lambda$emulateIR$7(CompilerStageTests.java:229)
]]></failure>
  </testcase>
  <testcase name="emulateIR" classname="crux.CompilerStageTests" time="0.001">
    <failure type="org.opentest4j.AssertionFailedError"><![CDATA[org.opentest4j.AssertionFailedError: 
IR for program crux/stages/ir/test33.crx differs from expected output. ==> expected: <1
1
true
0
false
1
0
false
0
false> but was: <1>
	at crux.CompilerStageTests.lambda$emulateIR$7(CompilerStageTests.java:229)
]]></failure>
  </testcase>
  <testcase name="emulateIR" classname="crux.CompilerStageTests" time="0.002"/>
  <testcase name="emulateIR" classname="crux.CompilerStageTests" time="0.001"/>
  <testcase name="emulateIR" classname="crux.CompilerStageTests" time="0.002"/>
  <testcase name="emulateIR" classname="crux.CompilerStageTests" time="0.001"/>
  <testcase name="emulateIR" classname="crux.CompilerStageTests" time="0.002">
    <failure type="org.opentest4j.AssertionFailedError"><![CDATA[org.opentest4j.AssertionFailedError: 
IR for program crux/stages/ir/test38.crx differs from expected output. ==> expected: <true
true
true
false
true
false
true
false
true
true
true
false
false
false
true
true
true
true
true> but was: <>
	at crux.CompilerStageTests.lambda$emulateIR$7(CompilerStageTests.java:229)
]]></failure>
  </testcase>
  <testcase name="emulateIR" classname="crux.CompilerStageTests" time="0.007">
    <failure type="org.opentest4j.AssertionFailedError"><![CDATA[org.opentest4j.AssertionFailedError: 
IR for program crux/stages/ir/test39.crx differs from expected output. ==> expected: <0
0
0

1
-1
0
0
2
-2
0
0
3
-3
0
0
4
-4
0
0
5
-5
0
0
6
-6
0
0
7
-7
0
0
8
-8
0
0
9
-9
0
0
10
-10
0
0
1
1
0

2
0
1
1
3
-1
2
0
4
-2
3
0
5
-3
4
0
6
-4
5
0
7
-5
6
0
8
-6
7
0
9
-7
8
0
10
-8
9
0
11
-9
10
0
2
2
0

3
1
2
2
4
0
4
1
5
-1
6
0
6
-2
8
0
7
-3
10
0
8
-4
12
0
9
-5
14
0
10
-6
16
0
11
-7
18
0
12
-8
20
0
3
3
0

4
2
3
3
5
1
6
1
6
0
9
1
7
-1
12
0
8
-2
15
0
9
-3
18
0
10
-4
21
0
11
-5
24
0
12
-6
27
0
13
-7
30
0
4
4
0

5
3
4
4
6
2
8
2
7
1
12
1
8
0
16
1
9
-1
20
0
10
-2
24
0
11
-3
28
0
12
-4
32
0
13
-5
36
0
14
-6
40
0
5
5
0

6
4
5
5
7
3
10
2
8
2
15
1
9
1
20
1
10
0
25
1
11
-1
30
0
12
-2
35
0
13
-3
40
0
14
-4
45
0
15
-5
50
0
6
6
0

7
5
6
6
8
4
12
3
9
3
18
2
10
2
24
1
11
1
30
1
12
0
36
1
13
-1
42
0
14
-2
48
0
15
-3
54
0
16
-4
60
0
7
7
0

8
6
7
7
9
5
14
3
10
4
21
2
11
3
28
1
12
2
35
1
13
1
42
1
14
0
49
1
15
-1
56
0
16
-2
63
0
17
-3
70
0
8
8
0

9
7
8
8
10
6
16
4
11
5
24
2
12
4
32
2
13
3
40
1
14
2
48
1
15
1
56
1
16
0
64
1
17
-1
72
0
18
-2
80
0
9
9
0

10
8
9
9
11
7
18
4
12
6
27
3
13
5
36
2
14
4
45
1
15
3
54
1
16
2
63
1
17
1
72
1
18
0
81
1
19
-1
90
0
10
10
0

11
9
10
10
12
8
20
5
13
7
30
3
14
6
40
2
15
5
50
2
16
4
60
1
17
3
70
1
18
2
80
1
19
1
90
1
20
0
100
1> but was: <0
0
0

1
-1
0
0
2
-2
0
0
3
-3
0
0
4
-4
0
0
5
-5
0
0
6
-6
0
0
7
-7
0
0
8
-8
0
0
9
-9
0
0
1
1
0

2
0
1
1
3
-1
2
0
4
-2
3
0
5
-3
4
0
6
-4
5
0
7
-5
6
0
8
-6
7
0
9
-7
8
0
10
-8
9
0
2
2
0

3
1
2
2
4
0
4
1
5
-1
6
0
6
-2
8
0
7
-3
10
0
8
-4
12
0
9
-5
14
0
10
-6
16
0
11
-7
18
0
3
3
0

4
2
3
3
5
1
6
1
6
0
9
1
7
-1
12
0
8
-2
15
0
9
-3
18
0
10
-4
21
0
11
-5
24
0
12
-6
27
0
4
4
0

5
3
4
4
6
2
8
2
7
1
12
1
8
0
16
1
9
-1
20
0
10
-2
24
0
11
-3
28
0
12
-4
32
0
13
-5
36
0
5
5
0

6
4
5
5
7
3
10
2
8
2
15
1
9
1
20
1
10
0
25
1
11
-1
30
0
12
-2
35
0
13
-3
40
0
14
-4
45
0
6
6
0

7
5
6
6
8
4
12
3
9
3
18
2
10
2
24
1
11
1
30
1
12
0
36
1
13
-1
42
0
14
-2
48
0
15
-3
54
0
7
7
0

8
6
7
7
9
5
14
3
10
4
21
2
11
3
28
1
12
2
35
1
13
1
42
1
14
0
49
1
15
-1
56
0
16
-2
63
0
8
8
0

9
7
8
8
10
6
16
4
11
5
24
2
12
4
32
2
13
3
40
1
14
2
48
1
15
1
56
1
16
0
64
1
17
-1
72
0
9
9
0

10
8
9
9
11
7
18
4
12
6
27
3
13
5
36
2
14
4
45
1
15
3
54
1
16
2
63
1
17
1
72
1
18
0
81
1>
	at crux.CompilerStageTests.lambda$emulateIR$7(CompilerStageTests.java:229)
]]></failure>
  </testcase>
  <testcase name="emulateIR" classname="crux.CompilerStageTests" time="0.002">
    <failure type="org.opentest4j.AssertionFailedError"><![CDATA[org.opentest4j.AssertionFailedError: 
IR for program crux/stages/ir/test40.crx differs from expected output. ==> expected: <true
true
false
true
false
false
false
true
true
false
true
false
false
true
true
false
true
false
false
true
true
false
true
false
false
true
true
false
true
false
true
false
true
false
false
true
true
true
false
true
false
false
false
true
true
false
true
false
false
true
true
false
true
false
false
true
true
false
true
false
true
false
true
false
false
true
true
false
true
false
false
true
true
true
false
true
false
false
false
true
true
false
true
false
false
true
true
false
true
false
true
false
true
false
false
true
true
false
true
false
false
true
true
false
true
false
false
true
true
true
false
true
false
false
false
true
true
false
true
false
true
false
true
false
false
true
true
false
true
false
false
true
true
false
true
false
false
true
true
false
true
false
false
true
true
true
false
true
false
false> but was: <true
false
false
false
false
false
false
true
true
true
true
false
false
true
true
true
true
false
false
true
true
true
true
false
true
true
true
true
true
true
true
false
false
false
false
false
false
true
true
true
true
false
false
true
true
true
true
false
true
true
true
true
true
true
true
true
true
true
true
true
true
false
false
false
false
false
false
true
true
true
true
false
true
true
true
true
true
true
true
true
true
true
true
true
true
true
true
true
true
true
true
false
false
false
false
false>
	at crux.CompilerStageTests.lambda$emulateIR$7(CompilerStageTests.java:229)
]]></failure>
  </testcase>
  <testcase name="emulateIR" classname="crux.CompilerStageTests" time="0.001">
    <error type="java.util.concurrent.ExecutionException"><![CDATA[java.util.concurrent.ExecutionException: java.lang.ClassCastException: class crux.ir.AddressVar cannot be cast to class crux.ir.LocalVar (crux.ir.AddressVar and crux.ir.LocalVar are in unnamed module of loader 'app')
	at crux.CompilerStageTests.lambda$emulateIR$7(CompilerStageTests.java:222)
Caused by: java.lang.ClassCastException: class crux.ir.AddressVar cannot be cast to class crux.ir.LocalVar (crux.ir.AddressVar and crux.ir.LocalVar are in unnamed module of loader 'app')
]]></error>
  </testcase>
  <testcase name="emulateIR" classname="crux.CompilerStageTests" time="0.001"/>
  <testcase name="emulateIR" classname="crux.CompilerStageTests" time="0.001"/>
  <testcase name="emulateIR" classname="crux.CompilerStageTests" time="0.002"/>
  <testcase name="emulateIR" classname="crux.CompilerStageTests" time="0.002"/>
  <testcase name="emulateIR" classname="crux.CompilerStageTests" time="0.001"/>
  <testcase name="emulateIR" classname="crux.CompilerStageTests" time="0.002"/>
  <testcase name="emulateIR" classname="crux.CompilerStageTests" time="0.001"/>
  <testcase name="emulateIR" classname="crux.CompilerStageTests" time="0.004"/>
  <testcase name="emulateIR" classname="crux.CompilerStageTests" time="0.002">
    <error type="java.util.concurrent.ExecutionException"><![CDATA[java.util.concurrent.ExecutionException: java.lang.NullPointerException: Cannot invoke "crux.ast.Expression.accept(crux.ast.traversal.NodeVisitor)" because "rhs" is null
	at crux.CompilerStageTests.lambda$emulateIR$7(CompilerStageTests.java:222)
Caused by: java.lang.NullPointerException: Cannot invoke "crux.ast.Expression.accept(crux.ast.traversal.NodeVisitor)" because "rhs" is null
]]></error>
  </testcase>
</testsuite>