<?xml version="1.0" encoding="UTF-8"?>
<testsuite xmlns:xsi="http://www.w3.org/2001/XMLSchema-instance" xsi:noNamespaceSchemaLocation="https://maven.apache.org/surefire/maven-surefire-plugin/xsd/surefire-test-report-3.0.xsd" version="3.0" name="crux.CompilerStageTests" time="0.697" tests="50" errors="0" skipped="0" failures="50">
  <properties>
[...]
</properties>
  <testcase name="parseTree" classname="crux.CompilerStageTests" time="0.18">
    <failure type="org.opentest4j.AssertionFailedError"><![CDATA[org.opentest4j.AssertionFailedError: 
Parse tree for program crux/stages/parse-tree/test01.crx differs from expected output. ==> expected: <program
  declarationList
    declaration
      functionDefinition
        type
        parameterList
        statementBlock
          statementList> but was: <program
  declarationList
    declaration
      functionDefinition
        type
        parameterType
        statementBlocks
          statements>
	at crux.CompilerStageTests.lambda$parseTree$1(CompilerStageTests.java:88)
]]></failure>
  </testcase>
  <testcase name="parseTree" classname="crux.CompilerStageTests" time="0.011">
    <failure type="org.opentest4j.AssertionFailedError"><![CDATA[org.opentest4j.AssertionFailedError: 
Parse tree for program crux/stages/parse-tree/test02.crx differs from expected output. ==> expected: <program
  declarationList
    declaration
      functionDefinition
        type
        parameterList
        statementBlock
          statementList
            statement
              callStatement
                callExpression
                  expressionList
                    expression0
                      expression1
                        expression2
                          expression3
                            literal> but was: <line 4:13 mismatched input ')' expecting {'Add', 'Subtract', 'OR'}>
	at crux.CompilerStageTests.lambda$parseTree$1(CompilerStageTests.java:88)
]]></failure>
  </testcase>
  <testcase name="parseTree" classname="crux.CompilerStageTests" time="0.006">
    <failure type="org.opentest4j.AssertionFailedError"><![CDATA[org.opentest4j.AssertionFailedError: 
Parse tree for program crux/stages/parse-tree/test03.crx differs from expected output. ==> expected: <program
  declarationList
    declaration
      functionDefinition
        type
        parameterList
        statementBlock
          statementList
            statement
              callStatement
                callExpression
                  expressionList
                    expression0
                      expression1
                        expression2
                          expression3
                            literal
            statement
              callStatement
                callExpression
                  expressionList
                    expression0
                      expression1
                        expression2
                          expression3
                            literal> but was: <line 5:16 mismatched input ')' expecting {'Add', 'Subtract', 'OR'}
line 6:17 mismatched input ')' expecting {'Add', 'Subtract', 'OR'}>
	at crux.CompilerStageTests.lambda$parseTree$1(CompilerStageTests.java:88)
]]></failure>
  </testcase>
  <testcase name="parseTree" classname="crux.CompilerStageTests" time="0.008">
    <failure type="org.opentest4j.AssertionFailedError"><![CDATA[org.opentest4j.AssertionFailedError: 
Parse tree for program crux/stages/parse-tree/test04.crx differs from expected output. ==> expected: <program
  declarationList
    declaration
      functionDefinition
        type
        parameterList
        statementBlock
          statementList
            statement
              callStatement
                callExpression
                  expressionList
                    expression0
                      expression1
                        expression1
                          expression2
                            expression3
                              literal
                        op1
                        expression2
                          expression3
                            literal> but was: <line 4:13 mismatched input '+' expecting {'Add', 'Subtract', 'OR'}>
	at crux.CompilerStageTests.lambda$parseTree$1(CompilerStageTests.java:88)
]]></failure>
  </testcase>
  <testcase name="parseTree" classname="crux.CompilerStageTests" time="0.01">
    <failure type="org.opentest4j.AssertionFailedError"><![CDATA[org.opentest4j.AssertionFailedError: 
Parse tree for program crux/stages/parse-tree/test05.crx differs from expected output. ==> expected: <program
  declarationList
    declaration
      variableDeclaration
        type
    declaration
      arrayDeclaration
        type
    declaration
      functionDefinition
        type
        parameterList
        statementBlock
          statementList> but was: <program
  declarationList
    declaration
      variableDeclaration
        type
    declaration
      arrayDeclaration
        type
    declaration
      functionDefinition
        type
        parameterType
        statementBlocks
          statements>
	at crux.CompilerStageTests.lambda$parseTree$1(CompilerStageTests.java:88)
]]></failure>
  </testcase>
  <testcase name="parseTree" classname="crux.CompilerStageTests" time="0.006">
    <failure type="org.opentest4j.AssertionFailedError"><![CDATA[org.opentest4j.AssertionFailedError: 
Parse tree for program crux/stages/parse-tree/test06.crx differs from expected output. ==> expected: <program
  declarationList
    declaration
      variableDeclaration
        type
    declaration
      functionDefinition
        type
        parameterList
        statementBlock
          statementList
            statement
              assignmentStatement
                designator
                expression0
                  expression1
                    expression2
                      expression3
                        literal
            statement
              callStatement
                callExpression
                  expressionList
                    expression0
                      expression1
                        expression2
                          expression3
                            designator> but was: <line 6:8 no viable alternative at input 'i=10;'
line 7:12 mismatched input ')' expecting {'Add', 'Subtract', 'OR', '['}>
	at crux.CompilerStageTests.lambda$parseTree$1(CompilerStageTests.java:88)
]]></failure>
  </testcase>
  <testcase name="parseTree" classname="crux.CompilerStageTests" time="0.005">
    <failure type="org.opentest4j.AssertionFailedError"><![CDATA[org.opentest4j.AssertionFailedError: 
Parse tree for program crux/stages/parse-tree/test07.crx differs from expected output. ==> expected: <program
  declarationList
    declaration
      functionDefinition
        type
        parameterList
        statementBlock
          statementList
            statement
              variableDeclaration
                type
            statement
              assignmentStatement
                designator
                expression0
                  expression1
                    expression2
                      expression3
                        literal
            statement
              callStatement
                callExpression
                  expressionList
                    expression0
                      expression1
                        expression2
                          expression3
                            designator> but was: <line 5:8 no viable alternative at input 'a=42;'
line 6:12 mismatched input ')' expecting {'Add', 'Subtract', 'OR', '['}>
	at crux.CompilerStageTests.lambda$parseTree$1(CompilerStageTests.java:88)
]]></failure>
  </testcase>
  <testcase name="parseTree" classname="crux.CompilerStageTests" time="0.004">
    <failure type="org.opentest4j.AssertionFailedError"><![CDATA[org.opentest4j.AssertionFailedError: 
Parse tree for program crux/stages/parse-tree/test08.crx differs from expected output. ==> expected: <program
  declarationList
    declaration
      functionDefinition
        type
        parameterList
        statementBlock
          statementList
            statement
              callStatement
                callExpression
                  expressionList
                    expression0
                      expression1
                        expression2
                          expression3
                            literal
    declaration
      functionDefinition
        type
        parameterList
        statementBlock
          statementList
            statement
              callStatement
                callExpression
                  expressionList> but was: <line 4:12 mismatched input ')' expecting {'Add', 'Subtract', 'OR'}>
	at crux.CompilerStageTests.lambda$parseTree$1(CompilerStageTests.java:88)
]]></failure>
  </testcase>
  <testcase name="parseTree" classname="crux.CompilerStageTests" time="0.005">
    <failure type="org.opentest4j.AssertionFailedError"><![CDATA[org.opentest4j.AssertionFailedError: 
Parse tree for program crux/stages/parse-tree/test09.crx differs from expected output. ==> expected: <program
  declarationList
    declaration
      functionDefinition
        type
        parameterList
          parameter
            type
        statementBlock
          statementList
            statement
              callStatement
                callExpression
                  expressionList
                    expression0
                      expression1
                        expression2
                          expression3
                            designator
    declaration
      functionDefinition
        type
        parameterList
        statementBlock
          statementList
            statement
              callStatement
                callExpression
                  expressionList
                    expression0
                      expression1
                        expression2
                          expression3
                            literal> but was: <line 4:12 mismatched input ')' expecting {'Add', 'Subtract', 'OR', '['}
line 8:8 mismatched input ')' expecting {'Add', 'Subtract', 'OR'}>
	at crux.CompilerStageTests.lambda$parseTree$1(CompilerStageTests.java:88)
]]></failure>
  </testcase>
  <testcase name="parseTree" classname="crux.CompilerStageTests" time="0.008">
    <failure type="org.opentest4j.AssertionFailedError"><![CDATA[org.opentest4j.AssertionFailedError: 
Parse tree for program crux/stages/parse-tree/test10.crx differs from expected output. ==> expected: <program
  declarationList
    declaration
      arrayDeclaration
        type
    declaration
      functionDefinition
        type
        parameterList
        statementBlock
          statementList
            statement
              assignmentStatement
                designator
                  expression0
                    expression1
                      expression2
                        expression3
                          literal
                expression0
                  expression1
                    expression2
                      expression3
                        literal
            statement
              callStatement
                callExpression
                  expressionList
                    expression0
                      expression1
                        expression2
                          expression3
                            designator
                              expression0
                                expression1
                                  expression2
                                    expression3
                                      literal> but was: <line 5:5 no viable alternative at input 'x[1]'
line 6:14 mismatched input ']' expecting {'Add', 'Subtract', 'OR'}
line 6:15 mismatched input ')' expecting {'Add', 'Subtract', 'OR'}>
	at crux.CompilerStageTests.lambda$parseTree$1(CompilerStageTests.java:88)
]]></failure>
  </testcase>
  <testcase name="parseTree" classname="crux.CompilerStageTests" time="0.013">
    <failure type="org.opentest4j.AssertionFailedError"><![CDATA[org.opentest4j.AssertionFailedError: 
Parse tree for program crux/stages/parse-tree/test11.crx differs from expected output. ==> expected: <program
  declarationList
    declaration
      functionDefinition
        type
        parameterList
        statementBlock
          statementList
            statement
              callStatement
                callExpression
                  expressionList
                    expression0
                      expression1
                        expression2
                          expression3
                            literal
            statement
              callStatement
                callExpression
                  expressionList
                    expression0
                      expression1
                        expression2
                          expression3
                            literal
            statement
              callStatement
                callExpression
                  expressionList
            statement
              callStatement
                callExpression
                  expressionList> but was: <line 4:12 mismatched input ')' expecting {'Add', 'Subtract', 'OR'}
line 5:16 mismatched input ')' expecting {'Add', 'Subtract', 'OR'}>
	at crux.CompilerStageTests.lambda$parseTree$1(CompilerStageTests.java:88)
]]></failure>
  </testcase>
  <testcase name="parseTree" classname="crux.CompilerStageTests" time="0.006">
    <failure type="org.opentest4j.AssertionFailedError"><![CDATA[org.opentest4j.AssertionFailedError: 
Parse tree for program crux/stages/parse-tree/test12.crx differs from expected output. ==> expected: <program
  declarationList
    declaration
      functionDefinition
        type
        parameterList
        statementBlock
          statementList
            statement
              ifStatement
                expression0
                  expression1
                    expression2
                      expression3
                        expression0
                          expression1
                            expression2
                              expression3
                                literal
                statementBlock
                  statementList
                    statement
                      callStatement
                        callExpression
                          expressionList
                            expression0
                              expression1
                                expression2
                                  expression3
                                    literal
            statement
              callStatement
                callExpression
                  expressionList
                    expression0
                      expression1
                        expression1
                          expression2
                            expression3
                              literal
                        op1
                        expression2
                          expression3
                            literal> but was: <line 4:10 mismatched input ')' expecting {'Add', 'Subtract', 'OR'}
line 4:12 mismatched input '{' expecting {'Add', 'Subtract', 'OR'}
line 5:14 mismatched input ')' expecting {'Add', 'Subtract', 'OR'}
line 7:12 mismatched input '-' expecting {'Add', 'Subtract', 'OR'}>
	at crux.CompilerStageTests.lambda$parseTree$1(CompilerStageTests.java:88)
]]></failure>
  </testcase>
  <testcase name="parseTree" classname="crux.CompilerStageTests" time="0.005">
    <failure type="org.opentest4j.AssertionFailedError"><![CDATA[org.opentest4j.AssertionFailedError: 
Parse tree for program crux/stages/parse-tree/test13.crx differs from expected output. ==> expected: <program
  declarationList
    declaration
      functionDefinition
        type
        parameterList
        statementBlock
          statementList
            statement
              returnStatement
                expression0
                  expression1
                    expression2
                      expression3
                        callExpression
                          expressionList
    declaration
      functionDefinition
        type
        parameterList
        statementBlock
          statementList
            statement
              callStatement
                callExpression
                  expressionList
                    expression0
                      expression1
                        expression2
                          expression3
                            callExpression
                              expressionList> but was: <line 4:18 mismatched input ';' expecting {'Mult', 'Div', 'AND', Integer, 'true', 'false', '!', Identifier, '(', ')'}
line 8:18 mismatched input ')' expecting {'Mult', 'Div', 'AND', Integer, 'true', 'false', '!', Identifier, '(', ')'}>
	at crux.CompilerStageTests.lambda$parseTree$1(CompilerStageTests.java:88)
]]></failure>
  </testcase>
  <testcase name="parseTree" classname="crux.CompilerStageTests" time="0.005">
    <failure type="org.opentest4j.AssertionFailedError"><![CDATA[org.opentest4j.AssertionFailedError: 
Parse tree for program crux/stages/parse-tree/test14.crx differs from expected output. ==> expected: <program
  declarationList
    declaration
      variableDeclaration
        type
    declaration
      functionDefinition
        type
        parameterList
        statementBlock
          statementList
            statement
              assignmentStatement
                designator
                expression0
                  expression1
                    expression2
                      expression3
                        callExpression
                          expressionList
            statement
              callStatement
                callExpression
                  expressionList
                    expression0
                      expression1
                        expression2
                          expression3
                            designator> but was: <line 4:18 no viable alternative at input 'addi=readInt();'
line 5:15 mismatched input ')' expecting {'Add', 'Subtract', 'OR', '['}>
	at crux.CompilerStageTests.lambda$parseTree$1(CompilerStageTests.java:88)
]]></failure>
  </testcase>
  <testcase name="parseTree" classname="crux.CompilerStageTests" time="0.004">
    <failure type="org.opentest4j.AssertionFailedError"><![CDATA[org.opentest4j.AssertionFailedError: 
Parse tree for program crux/stages/parse-tree/test15.crx differs from expected output. ==> expected: <program
  declarationList
    declaration
      functionDefinition
        type
        parameterList
        statementBlock
          statementList
            statement
              ifStatement
                expression0
                  expression1
                    expression2
                      expression3
                        expression0
                          expression1
                            expression2
                              expression3
                                literal
                statementBlock
                  statementList
                    statement
                      callStatement
                        callExpression
                          expressionList
                            expression0
                              expression1
                                expression2
                                  expression3
                                    literal
            statement
              callStatement
                callExpression
                  expressionList
                    expression0
                      expression1
                        expression1
                          expression2
                            expression3
                              literal
                        op1
                        expression2
                          expression3
                            literal> but was: <line 4:11 mismatched input ')' expecting {'Add', 'Subtract', 'OR'}
line 4:13 mismatched input '{' expecting {'Add', 'Subtract', 'OR'}
line 5:14 mismatched input ')' expecting {'Add', 'Subtract', 'OR'}
line 7:12 mismatched input '-' expecting {'Add', 'Subtract', 'OR'}>
	at crux.CompilerStageTests.lambda$parseTree$1(CompilerStageTests.java:88)
]]></failure>
  </testcase>
  <testcase name="parseTree" classname="crux.CompilerStageTests" time="0.005">
    <failure type="org.opentest4j.AssertionFailedError"><![CDATA[org.opentest4j.AssertionFailedError: 
Parse tree for program crux/stages/parse-tree/test16.crx differs from expected output. ==> expected: <program
  declarationList
    declaration
      variableDeclaration
        type
    declaration
      functionDefinition
        type
        parameterList
        statementBlock
          statementList
            statement
              assignmentStatement
                designator
                expression0
                  expression1
                    expression2
                      expression3
                        literal
            statement
              variableDeclaration
                type
            statement
              assignmentStatement
                designator
                expression0
                  expression1
                    expression2
                      expression3
                        literal
            statement
              callStatement
                callExpression
                  expressionList
                    expression0
                      expression1
                        expression2
                          expression3
                            designator> but was: <line 6:7 no viable alternative at input 'a=1;'
line 9:7 no viable alternative at input 'a=2;'
line 10:12 mismatched input ')' expecting {'Add', 'Subtract', 'OR', '['}>
	at crux.CompilerStageTests.lambda$parseTree$1(CompilerStageTests.java:88)
]]></failure>
  </testcase>
  <testcase name="parseTree" classname="crux.CompilerStageTests" time="0.007">
    <failure type="org.opentest4j.AssertionFailedError"><![CDATA[org.opentest4j.AssertionFailedError: 
Parse tree for program crux/stages/parse-tree/test17.crx differs from expected output. ==> expected: <program
  declarationList
    declaration
      variableDeclaration
        type
    declaration
      functionDefinition
        type
        parameterList
        statementBlock
          statementList
            statement
              forStatement
                assignmentStatement
                  designator
                  expression0
                    expression1
                      expression2
                        expression3
                          literal
                expression0
                  expression1
                    expression2
                      expression3
                        designator
                  op0
                  expression1
                    expression2
                      expression3
                        literal
                assignmentStatementNoSemi
                  designator
                  expression0
                    expression1
                      expression1
                        expression2
                          expression3
                            designator
                      op1
                      expression2
                        expression3
                          literal
                statementBlock
                  statementList
                    statement
                      ifStatement
                        expression0
                          expression1
                            expression2
                              expression3
                                expression0
                                  expression1
                                    expression2
                                      expression3
                                        designator
                                  op0
                                  expression1
                                    expression2
                                      expression3
                                        literal
                        statementBlock
                          statementList
                            statement
                              ifStatement
                                expression0
                                  expression1
                                    expression2
                                      expression3
                                        expression0
                                          expression1
                                            expression2
                                              expression3
                                                designator
                                          op0
                                          expression1
                                            expression2
                                              expression3
                                                literal
                                statementBlock
                                  statementList
                                    statement
                                      breakStatement
                            statement
                              assignmentStatement
                                designator
                                expression0
                                  expression1
                                    expression2
                                      expression2
                                        expression3
                                          designator
                                      op2
                                      expression3
                                        literal> but was: <line 5:12 mismatched input ';' expecting {'Add', 'Subtract', 'OR'}
line 5:16 mismatched input '>' expecting {'Add', 'Subtract', 'OR', '['}
line 5:27 mismatched input '-' expecting {'Add', 'Subtract', 'OR', '['}
line 6:10 mismatched input '>' expecting {'Add', 'Subtract', 'OR', '['}
line 6:16 mismatched input '{' expecting {'Add', 'Subtract', 'OR', '['}
line 7:12 mismatched input '<' expecting {'Add', 'Subtract', 'OR', '['}
line 7:17 mismatched input '{' expecting {'Add', 'Subtract', 'OR', '['}
line 10:12 no viable alternative at input 'a=a/'>
	at crux.CompilerStageTests.lambda$parseTree$1(CompilerStageTests.java:88)
]]></failure>
  </testcase>
  <testcase name="parseTree" classname="crux.CompilerStageTests" time="0.008">
    <failure type="org.opentest4j.AssertionFailedError"><![CDATA[org.opentest4j.AssertionFailedError: 
Parse tree for program crux/stages/parse-tree/test18.crx differs from expected output. ==> expected: <program
  declarationList
    declaration
      functionDefinition
        type
        parameterList
        statementBlock
          statementList
            statement
              variableDeclaration
                type
            statement
              forStatement
                assignmentStatement
                  designator
                  expression0
                    expression1
                      expression2
                        expression3
                          literal
                expression0
                  expression1
                    expression2
                      expression3
                        designator
                  op0
                  expression1
                    expression2
                      expression3
                        literal
                assignmentStatementNoSemi
                  designator
                  expression0
                    expression1
                      expression1
                        expression2
                          expression3
                            designator
                      op1
                      expression2
                        expression3
                          literal
                statementBlock
                  statementList
                    statement
                      callStatement
                        callExpression
                          expressionList
                            expression0
                              expression1
                                expression2
                                  expression3
                                    designator
                    statement
                      callStatement
                        callExpression
                          expressionList> but was: <line 5:12 mismatched input ';' expecting {'Add', 'Subtract', 'OR'}
line 5:16 mismatched input '<' expecting {'Add', 'Subtract', 'OR', '['}
line 5:27 mismatched input '+' expecting {'Add', 'Subtract', 'OR', '['}
line 6:14 mismatched input ')' expecting {'Add', 'Subtract', 'OR', '['}>
	at crux.CompilerStageTests.lambda$parseTree$1(CompilerStageTests.java:88)
]]></failure>
  </testcase>
  <testcase name="parseTree" classname="crux.CompilerStageTests" time="0.005">
    <failure type="org.opentest4j.AssertionFailedError"><![CDATA[org.opentest4j.AssertionFailedError: 
Parse tree for program crux/stages/parse-tree/test19.crx differs from expected output. ==> expected: <program
  declarationList
    declaration
      functionDefinition
        type
        parameterList
          parameter
            type
        statementBlock
          statementList
            statement
              ifStatement
                expression0
                  expression1
                    expression2
                      expression3
                        expression0
                          expression1
                            expression2
                              expression3
                                designator
                          op0
                          expression1
                            expression2
                              expression3
                                literal
                statementBlock
                  statementList
                    statement
                      callStatement
                        callExpression
                          expressionList
                            expression0
                              expression1
                                expression1
                                  expression2
                                    expression3
                                      designator
                                op1
                                expression2
                                  expression3
                                    literal
            statement
              callStatement
                callExpression
                  expressionList
                    expression0
                      expression1
                        expression2
                          expression3
                            designator
            statement
              callStatement
                callExpression
                  expressionList
    declaration
      functionDefinition
        type
        parameterList
        statementBlock
          statementList
            statement
              callStatement
                callExpression
                  expressionList
                    expression0
                      expression1
                        expression2
                          expression3
                            literal> but was: <line 4:8 mismatched input '>' expecting {'Add', 'Subtract', 'OR', '['}
line 4:13 mismatched input '{' expecting {'Add', 'Subtract', 'OR', '['}
line 5:9 mismatched input '-' expecting {'Add', 'Subtract', 'OR', '['}
line 7:12 mismatched input ')' expecting {'Add', 'Subtract', 'OR', '['}
line 12:7 mismatched input ')' expecting {'Add', 'Subtract', 'OR'}>
	at crux.CompilerStageTests.lambda$parseTree$1(CompilerStageTests.java:88)
]]></failure>
  </testcase>
  <testcase name="parseTree" classname="crux.CompilerStageTests" time="0.004">
    <failure type="org.opentest4j.AssertionFailedError"><![CDATA[org.opentest4j.AssertionFailedError: 
Parse tree for program crux/stages/parse-tree/test20.crx differs from expected output. ==> expected: <program
  declarationList
    declaration
      functionDefinition
        type
        parameterList
        statementBlock
          statementList
            statement
              variableDeclaration
                type
            statement
              variableDeclaration
                type
            statement
              assignmentStatement
                designator
                expression0
                  expression1
                    expression1
                      expression2
                        expression3
                          literal
                    op1
                    expression2
                      expression3
                        literal
            statement
              assignmentStatement
                designator
                expression0
                  expression1
                    expression2
                      expression2
                        expression3
                          designator
                      op2
                      expression3
                        literal
            statement
              callStatement
                callExpression
                  expressionList
                    expression0
                      expression1
                        expression2
                          expression3
                            designator
            statement
              callStatement
                callExpression
                  expressionList> but was: <line 8:13 no viable alternative at input 'five=100-'
line 10:15 mismatched input ')' expecting {'Add', 'Subtract', 'OR', '['}>
	at crux.CompilerStageTests.lambda$parseTree$1(CompilerStageTests.java:88)
]]></failure>
  </testcase>
  <testcase name="parseTree" classname="crux.CompilerStageTests" time="0.005">
    <failure type="org.opentest4j.AssertionFailedError"><![CDATA[org.opentest4j.AssertionFailedError: 
Parse tree for program crux/stages/parse-tree/test21.crx differs from expected output. ==> expected: <program
  declarationList
    declaration
      functionDefinition
        type
        parameterList
        statementBlock
          statementList
            statement
              callStatement
                callExpression
                  expressionList
                    expression0
                      expression1
                        expression2
                          expression3
                            literal
            statement
              callStatement
                callExpression
                  expressionList
                    expression0
                      expression1
                        expression2
                          expression3
                            literal
            statement
              callStatement
                callExpression
                  expressionList
                    expression0
                      expression1
                        expression2
                          expression3
                            literal
            statement
              callStatement
                callExpression
                  expressionList
                    expression0
                      expression1
                        expression2
                          expression3
                            literal
            statement
              callStatement
                callExpression
                  expressionList
                    expression0
                      expression1
                        expression2
                          expression3
                            literal
            statement
              callStatement
                callExpression
                  expressionList> but was: <line 4:14 mismatched input ')' expecting {'Add', 'Subtract', 'OR'}
line 5:15 mismatched input ')' expecting {'Add', 'Subtract', 'OR'}
line 6:15 mismatched input ')' expecting {'Add', 'Subtract', 'OR'}
line 7:15 mismatched input ')' expecting {'Add', 'Subtract', 'OR'}
line 8:15 mismatched input ')' expecting {'Add', 'Subtract', 'OR'}>
	at crux.CompilerStageTests.lambda$parseTree$1(CompilerStageTests.java:88)
]]></failure>
  </testcase>
  <testcase name="parseTree" classname="crux.CompilerStageTests" time="0.015">
    <failure type="org.opentest4j.AssertionFailedError"><![CDATA[org.opentest4j.AssertionFailedError: 
Parse tree for program crux/stages/parse-tree/test22.crx differs from expected output. ==> expected: <program
  declarationList
    declaration
      arrayDeclaration
        type
    declaration
      arrayDeclaration
        type
    declaration
      functionDefinition
        type
        parameterList
        statementBlock
          statementList
            statement
              assignmentStatement
                designator
                  expression0
                    expression1
                      expression2
                        expression3
                          literal
                expression0
                  expression1
                    expression2
                      expression3
                        literal
            statement
              assignmentStatement
                designator
                  expression0
                    expression1
                      expression1
                        expression2
                          expression3
                            literal
                      op1
                      expression2
                        expression3
                          literal
                expression0
                  expression1
                    expression2
                      expression3
                        literal
            statement
              callStatement
                callExpression
                  expressionList
                    expression0
                      expression1
                        expression2
                          expression3
                            designator
                              expression0
                                expression1
                                  expression2
                                    expression3
                                      literal> but was: <line 8:6 no viable alternative at input 'b[5]'
line 11:14 mismatched input ']' expecting {'Add', 'Subtract', 'OR'}
line 11:15 mismatched input ')' expecting {'Add', 'Subtract', 'OR'}>
	at crux.CompilerStageTests.lambda$parseTree$1(CompilerStageTests.java:88)
]]></failure>
  </testcase>
  <testcase name="parseTree" classname="crux.CompilerStageTests" time="0.007">
    <failure type="org.opentest4j.AssertionFailedError"><![CDATA[org.opentest4j.AssertionFailedError: 
Parse tree for program crux/stages/parse-tree/test23.crx differs from expected output. ==> expected: <program
  declarationList
    declaration
      variableDeclaration
        type
    declaration
      variableDeclaration
        type
    declaration
      arrayDeclaration
        type
    declaration
      functionDefinition
        type
        parameterList
        statementBlock
          statementList
            statement
              assignmentStatement
                designator
                expression0
                  expression1
                    expression2
                      expression3
                        literal
            statement
              assignmentStatement
                designator
                expression0
                  expression1
                    expression2
                      expression3
                        literal
            statement
              assignmentStatement
                designator
                  expression0
                    expression1
                      expression2
                        expression3
                          literal
                expression0
                  expression1
                    expression2
                      expression3
                        literal> but was: <line 8:7 no viable alternative at input 'a=0;'>
	at crux.CompilerStageTests.lambda$parseTree$1(CompilerStageTests.java:88)
]]></failure>
  </testcase>
  <testcase name="parseTree" classname="crux.CompilerStageTests" time="0.005">
    <failure type="org.opentest4j.AssertionFailedError"><![CDATA[org.opentest4j.AssertionFailedError: 
Parse tree for program crux/stages/parse-tree/test24.crx differs from expected output. ==> expected: <program
  declarationList
    declaration
      arrayDeclaration
        type
    declaration
      arrayDeclaration
        type
    declaration
      functionDefinition
        type
        parameterList
        statementBlock
          statementList
            statement
              assignmentStatement
                designator
                  expression0
                    expression1
                      expression2
                        expression3
                          literal
                expression0
                  expression1
                    expression2
                      expression3
                        literal
            statement
              assignmentStatement
                designator
                  expression0
                    expression1
                      expression2
                        expression3
                          designator
                            expression0
                              expression1
                                expression2
                                  expression3
                                    literal
                expression0
                  expression1
                    expression2
                      expression3
                        literal
            statement
              callStatement
                callExpression
                  expressionList
                    expression0
                      expression1
                        expression2
                          expression3
                            designator
                              expression0
                                expression1
                                  expression2
                                    expression3
                                      literal> but was: <line 8:5 no viable alternative at input 'b[5]'
line 11:14 mismatched input ']' expecting {'Add', 'Subtract', 'OR'}
line 11:15 mismatched input ')' expecting {'Add', 'Subtract', 'OR'}>
	at crux.CompilerStageTests.lambda$parseTree$1(CompilerStageTests.java:88)
]]></failure>
  </testcase>
  <testcase name="parseTree" classname="crux.CompilerStageTests" time="0.005">
    <failure type="org.opentest4j.AssertionFailedError"><![CDATA[org.opentest4j.AssertionFailedError: 
Parse tree for program crux/stages/parse-tree/test25.crx differs from expected output. ==> expected: <program
  declarationList
    declaration
      functionDefinition
        type
        parameterList
        statementBlock
          statementList
            statement
              ifStatement
                expression0
                  expression1
                    expression2
                      expression3
                        expression0
                          expression1
                            expression2
                              expression3
                                literal
                statementBlock
                  statementList
                    statement
                      callStatement
                        callExpression
                          expressionList
                            expression0
                              expression1
                                expression2
                                  expression3
                                    literal
                statementBlock
                  statementList
                    statement
                      callStatement
                        callExpression
                          expressionList
                            expression0
                              expression1
                                expression2
                                  expression3
                                    literal
            statement
              callStatement
                callExpression
                  expressionList
                    expression0
                      expression1
                        expression1
                          expression2
                            expression3
                              literal
                        op1
                        expression2
                          expression3
                            literal> but was: <line 4:11 mismatched input ')' expecting {'Add', 'Subtract', 'OR'}
line 4:13 mismatched input '{' expecting {'Add', 'Subtract', 'OR'}
line 5:14 mismatched input ')' expecting {'Add', 'Subtract', 'OR'}
line 7:14 mismatched input ')' expecting {'Add', 'Subtract', 'OR'}
line 9:12 mismatched input '-' expecting {'Add', 'Subtract', 'OR'}>
	at crux.CompilerStageTests.lambda$parseTree$1(CompilerStageTests.java:88)
]]></failure>
  </testcase>
  <testcase name="parseTree" classname="crux.CompilerStageTests" time="0.005">
    <failure type="org.opentest4j.AssertionFailedError"><![CDATA[org.opentest4j.AssertionFailedError: 
Parse tree for program crux/stages/parse-tree/test26.crx differs from expected output. ==> expected: <program
  declarationList
    declaration
      variableDeclaration
        type
    declaration
      functionDefinition
        type
        parameterList
        statementBlock
          statementList
            statement
              forStatement
                assignmentStatement
                  designator
                  expression0
                    expression1
                      expression2
                        expression3
                          literal
                expression0
                  expression1
                    expression2
                      expression3
                        designator
                  op0
                  expression1
                    expression2
                      expression3
                        literal
                assignmentStatementNoSemi
                  designator
                  expression0
                    expression1
                      expression1
                        expression2
                          expression3
                            designator
                      op1
                      expression2
                        expression3
                          literal
                statementBlock
                  statementList
                    statement
                      callStatement
                        callExpression
                          expressionList
                            expression0
                              expression1
                                expression2
                                  expression3
                                    designator
                    statement
                      callStatement
                        callExpression
                          expressionList
            statement
              callStatement
                callExpression
                  expressionList
                    expression0
                      expression1
                        expression1
                          expression2
                            expression3
                              literal
                        op1
                        expression2
                          expression3
                            literal
            statement
              callStatement
                callExpression
                  expressionList
                    expression0
                      expression1
                        expression2
                          expression3
                            designator> but was: <line 6:11 mismatched input ';' expecting {'Add', 'Subtract', 'OR'}
line 6:15 mismatched input '>' expecting {'Add', 'Subtract', 'OR', '['}
line 6:26 mismatched input '-' expecting {'Add', 'Subtract', 'OR', '['}
line 7:14 mismatched input ')' expecting {'Add', 'Subtract', 'OR', '['}
line 10:12 mismatched input '-' expecting {'Add', 'Subtract', 'OR'}
line 11:12 mismatched input ')' expecting {'Add', 'Subtract', 'OR', '['}>
	at crux.CompilerStageTests.lambda$parseTree$1(CompilerStageTests.java:88)
]]></failure>
  </testcase>
  <testcase name="parseTree" classname="crux.CompilerStageTests" time="0.008">
    <failure type="org.opentest4j.AssertionFailedError"><![CDATA[org.opentest4j.AssertionFailedError: 
Parse tree for program crux/stages/parse-tree/test27.crx differs from expected output. ==> expected: <program
  declarationList
    declaration
      functionDefinition
        type
        parameterList
          parameter
            type
        statementBlock
          statementList
            statement
              ifStatement
                expression0
                  expression1
                    expression2
                      expression3
                        expression0
                          expression1
                            expression2
                              expression3
                                designator
                          op0
                          expression1
                            expression2
                              expression3
                                literal
                statementBlock
                  statementList
                    statement
                      returnStatement
                        expression0
                          expression1
                            expression2
                              expression3
                                literal
            statement
              returnStatement
                expression0
                  expression1
                    expression1
                      expression2
                        expression3
                          callExpression
                            expressionList
                              expression0
                                expression1
                                  expression1
                                    expression2
                                      expression3
                                        designator
                                  op1
                                  expression2
                                    expression3
                                      literal
                    op1
                    expression2
                      expression3
                        callExpression
                          expressionList
                            expression0
                              expression1
                                expression1
                                  expression2
                                    expression3
                                      designator
                                op1
                                expression2
                                  expression3
                                    literal
    declaration
      functionDefinition
        type
        parameterList
        statementBlock
          statementList
            statement
              callStatement
                callExpression
                  expressionList
                    expression0
                      expression1
                        expression2
                          expression3
                            callExpression
                              expressionList
                                expression0
                                  expression1
                                    expression2
                                      expression3
                                        literal> but was: <line 4:8 mismatched input '<=' expecting {'Add', 'Subtract', 'OR', '['}
line 4:14 mismatched input '{' expecting {'Add', 'Subtract', 'OR', '['}
line 4:24 mismatched input ';' expecting {'Add', 'Subtract', 'OR'}
line 5:14 mismatched input '-' expecting {'Add', 'Subtract', 'OR', '['}
line 5:18 mismatched input '+' expecting {'Add', 'Subtract', 'OR', '['}
line 5:25 mismatched input '-' expecting {'Add', 'Subtract', 'OR', '['}
line 9:16 mismatched input ')' expecting {'Add', 'Subtract', 'OR'}
line 9:17 mismatched input ')' expecting {'Add', 'Subtract', 'OR'}>
	at crux.CompilerStageTests.lambda$parseTree$1(CompilerStageTests.java:88)
]]></failure>
  </testcase>
  <testcase name="parseTree" classname="crux.CompilerStageTests" time="0.005">
    <failure type="org.opentest4j.AssertionFailedError"><![CDATA[org.opentest4j.AssertionFailedError: 
Parse tree for program crux/stages/parse-tree/test28.crx differs from expected output. ==> expected: <program
  declarationList
    declaration
      functionDefinition
        type
        parameterList
          parameter
            type
        statementBlock
          statementList
            statement
              callStatement
                callExpression
                  expressionList
                    expression0
                      expression1
                        expression2
                          expression3
                            designator
            statement
              returnStatement
                expression0
                  expression1
                    expression2
                      expression3
                        designator
    declaration
      functionDefinition
        type
        parameterList
        statementBlock
          statementList
            statement
              callStatement
                callExpression
                  expressionList
                    expression0
                      expression1
                        expression2
                          expression3
                            literal
            statement
              callStatement
                callExpression
                  expressionList
                    expression0
                      expression1
                        expression2
                          expression3
                            literal
            statement
              callStatement
                callExpression
                  expressionList
                    expression0
                      expression1
                        expression2
                          expression3
                            literal
    declaration
      functionDefinition
        type
        parameterList
        statementBlock
          statementList
            statement
              callStatement
                callExpression
                  expressionList> but was: <line 4:12 mismatched input ')' expecting {'Add', 'Subtract', 'OR', '['}
line 5:10 mismatched input ';' expecting {'Add', 'Subtract', 'OR', '['}
line 9:9 mismatched input ')' expecting {'Add', 'Subtract', 'OR'}
line 10:9 mismatched input ')' expecting {'Add', 'Subtract', 'OR'}
line 11:9 mismatched input ')' expecting {'Add', 'Subtract', 'OR'}>
	at crux.CompilerStageTests.lambda$parseTree$1(CompilerStageTests.java:88)
]]></failure>
  </testcase>
  <testcase name="parseTree" classname="crux.CompilerStageTests" time="0.008">
    <failure type="org.opentest4j.AssertionFailedError"><![CDATA[org.opentest4j.AssertionFailedError: 
Parse tree for program crux/stages/parse-tree/test29.crx differs from expected output. ==> expected: <program
  declarationList
    declaration
      functionDefinition
        type
        parameterList
          parameter
            type
          parameter
            type
        statementBlock
          statementList
            statement
              returnStatement
                expression0
                  expression1
                    expression2
                      expression3
                        designator
                  op0
                  expression1
                    expression2
                      expression3
                        designator
    declaration
      functionDefinition
        type
        parameterList
        statementBlock
          statementList
            statement
              callStatement
                callExpression
                  expressionList
                    expression0
                      expression1
                        expression2
                          expression3
                            callExpression
                              expressionList
                                expression0
                                  expression1
                                    expression2
                                      expression3
                                        literal
                                expression0
                                  expression1
                                    expression2
                                      expression3
                                        literal
            statement
              callStatement
                callExpression
                  expressionList
            statement
              callStatement
                callExpression
                  expressionList
                    expression0
                      expression1
                        expression2
                          expression3
                            callExpression
                              expressionList
                                expression0
                                  expression1
                                    expression2
                                      expression3
                                        literal
                                expression0
                                  expression1
                                    expression2
                                      expression3
                                        literal
            statement
              callStatement
                callExpression
                  expressionList
            statement
              callStatement
                callExpression
                  expressionList
                    expression0
                      expression1
                        expression2
                          expression3
                            callExpression
                              expressionList
                                expression0
                                  expression1
                                    expression2
                                      expression3
                                        literal
                                expression0
                                  expression1
                                    expression2
                                      expression3
                                        literal> but was: <line 4:11 mismatched input '<' expecting {'Add', 'Subtract', 'OR', '['}
line 8:17 mismatched input ',' expecting {'Add', 'Subtract', 'OR'}
line 8:19 mismatched input ')' expecting {'Add', 'Subtract', 'OR'}
line 8:20 mismatched input ')' expecting {'Add', 'Subtract', 'OR'}
line 10:17 mismatched input ',' expecting {'Add', 'Subtract', 'OR'}
line 10:19 mismatched input ')' expecting {'Add', 'Subtract', 'OR'}
line 10:20 mismatched input ')' expecting {'Add', 'Subtract', 'OR'}
line 12:17 mismatched input ',' expecting {'Add', 'Subtract', 'OR'}
line 12:19 mismatched input ')' expecting {'Add', 'Subtract', 'OR'}
line 12:20 mismatched input ')' expecting {'Add', 'Subtract', 'OR'}>
	at crux.CompilerStageTests.lambda$parseTree$1(CompilerStageTests.java:88)
]]></failure>
  </testcase>
  <testcase name="parseTree" classname="crux.CompilerStageTests" time="0.005">
    <failure type="org.opentest4j.AssertionFailedError"><![CDATA[org.opentest4j.AssertionFailedError: 
Parse tree for program crux/stages/parse-tree/test30.crx differs from expected output. ==> expected: <program
  declarationList
    declaration
      variableDeclaration
        type
    declaration
      arrayDeclaration
        type
    declaration
      variableDeclaration
        type
    declaration
      functionDefinition
        type
        parameterList
        statementBlock
          statementList
            statement
              assignmentStatement
                designator
                expression0
                  expression1
                    expression2
                      expression3
                        literal
            statement
              assignmentStatement
                designator
                expression0
                  expression1
                    expression2
                      expression3
                        literal
            statement
              assignmentStatement
                designator
                  expression0
                    expression1
                      expression2
                        expression3
                          literal
                expression0
                  expression1
                    expression2
                      expression3
                        literal
            statement
              assignmentStatement
                designator
                  expression0
                    expression1
                      expression2
                        expression3
                          literal
                expression0
                  expression1
                    expression2
                      expression3
                        literal
            statement
              assignmentStatement
                designator
                  expression0
                    expression1
                      expression2
                        expression3
                          literal
                expression0
                  expression1
                    expression2
                      expression3
                        literal
            statement
              callStatement
                callExpression
                  expressionList
                    expression0
                      expression1
                        expression2
                          expression3
                            designator
            statement
              callStatement
                callExpression
                  expressionList
                    expression0
                      expression1
                        expression2
                          expression3
                            designator
                              expression0
                                expression1
                                  expression2
                                    expression3
                                      literal
            statement
              callStatement
                callExpression
                  expressionList
                    expression0
                      expression1
                        expression2
                          expression3
                            designator
                              expression0
                                expression1
                                  expression2
                                    expression3
                                      literal
            statement
              callStatement
                callExpression
                  expressionList
                    expression0
                      expression1
                        expression2
                          expression3
                            designator
                              expression0
                                expression1
                                  expression2
                                    expression3
                                      literal
            statement
              callStatement
                callExpression
                  expressionList
                    expression0
                      expression1
                        expression2
                          expression3
                            designator> but was: <line 7:18 no viable alternative at input 'canary_begin=0;'
line 12:23 mismatched input ')' expecting {'Add', 'Subtract', 'OR', '['}
line 13:14 mismatched input ']' expecting {'Add', 'Subtract', 'OR'}
line 13:15 mismatched input ')' expecting {'Add', 'Subtract', 'OR'}
line 14:14 mismatched input ']' expecting {'Add', 'Subtract', 'OR'}
line 14:15 mismatched input ')' expecting {'Add', 'Subtract', 'OR'}
line 15:14 mismatched input ']' expecting {'Add', 'Subtract', 'OR'}
line 15:15 mismatched input ')' expecting {'Add', 'Subtract', 'OR'}
line 16:21 mismatched input ')' expecting {'Add', 'Subtract', 'OR', '['}>
	at crux.CompilerStageTests.lambda$parseTree$1(CompilerStageTests.java:88)
]]></failure>
  </testcase>
  <testcase name="parseTree" classname="crux.CompilerStageTests" time="0.005">
    <failure type="org.opentest4j.AssertionFailedError"><![CDATA[org.opentest4j.AssertionFailedError: 
Parse tree for program crux/stages/parse-tree/test31.crx differs from expected output. ==> expected: <program
  declarationList
    declaration
      variableDeclaration
        type
    declaration
      functionDefinition
        type
        parameterList
          parameter
            type
        statementBlock
          statementList
            statement
              assignmentStatement
                designator
                expression0
                  expression1
                    expression2
                      expression3
                        literal
            statement
              callStatement
                callExpression
                  expressionList
                    expression0
                      expression1
                        expression2
                          expression3
                            designator
            statement
              callStatement
                callExpression
                  expressionList
    declaration
      functionDefinition
        type
        parameterList
        statementBlock
          statementList
            statement
              variableDeclaration
                type
            statement
              assignmentStatement
                designator
                expression0
                  expression1
                    expression2
                      expression3
                        literal
            statement
              callStatement
                callExpression
                  expressionList
                    expression0
                      expression1
                        expression2
                          expression3
                            designator
            statement
              callStatement
                callExpression
                  expressionList
    declaration
      functionDefinition
        type
        parameterList
        statementBlock
          statementList
            statement
              assignmentStatement
                designator
                expression0
                  expression1
                    expression2
                      expression3
                        literal
            statement
              callStatement
                callExpression
                  expressionList
                    expression0
                      expression1
                        expression2
                          expression3
                            designator
            statement
              callStatement
                callExpression
                  expressionList
            statement
              callStatement
                callExpression
                  expressionList
                    expression0
                      expression1
                        expression2
                          expression3
                            literal
            statement
              callStatement
                callExpression
                  expressionList
                    expression0
                      expression1
                        expression2
                          expression3
                            designator
            statement
              callStatement
                callExpression
                  expressionList
            statement
              callStatement
                callExpression
                  expressionList
            statement
              callStatement
                callExpression
                  expressionList
                    expression0
                      expression1
                        expression2
                          expression3
                            designator
            statement
              callStatement
                callExpression
                  expressionList> but was: <line 6:7 no viable alternative at input 'a=7;'
line 7:12 mismatched input ')' expecting {'Add', 'Subtract', 'OR', '['}
line 13:7 no viable alternative at input 'a=9;'
line 14:12 mismatched input ')' expecting {'Add', 'Subtract', 'OR', '['}
line 19:7 no viable alternative at input 'a=5;'
line 20:12 mismatched input ')' expecting {'Add', 'Subtract', 'OR', '['}
line 23:19 mismatched input ')' expecting {'Add', 'Subtract', 'OR'}
line 24:12 mismatched input ')' expecting {'Add', 'Subtract', 'OR', '['}
line 28:12 mismatched input ')' expecting {'Add', 'Subtract', 'OR', '['}>
	at crux.CompilerStageTests.lambda$parseTree$1(CompilerStageTests.java:88)
]]></failure>
  </testcase>
  <testcase name="parseTree" classname="crux.CompilerStageTests" time="0.005">
    <failure type="org.opentest4j.AssertionFailedError"><![CDATA[org.opentest4j.AssertionFailedError: 
Parse tree for program crux/stages/parse-tree/test32.crx differs from expected output. ==> expected: <program
  declarationList
    declaration
      functionDefinition
        type
        parameterList
        statementBlock
          statementList
            statement
              callStatement
                callExpression
                  expressionList
                    expression0
                      expression1
                        expression2
                          expression3
                            literal
            statement
              callStatement
                callExpression
                  expressionList
            statement
              returnStatement
                expression0
                  expression1
                    expression2
                      expression3
                        literal
    declaration
      functionDefinition
        type
        parameterList
        statementBlock
          statementList
            statement
              callStatement
                callExpression
                  expressionList
                    expression0
                      expression1
                        expression2
                          expression3
                            literal
            statement
              callStatement
                callExpression
                  expressionList
            statement
              returnStatement
                expression0
                  expression1
                    expression2
                      expression3
                        literal
    declaration
      functionDefinition
        type
        parameterList
        statementBlock
          statementList
            statement
              callStatement
                callExpression
                  expressionList
                    expression0
                      expression1
                        expression1
                          expression2
                            expression3
                              callExpression
                                expressionList
                        op1
                        expression2
                          expression3
                            callExpression
                              expressionList
            statement
              callStatement
                callExpression
                  expressionList
            statement
              callStatement
                callExpression
                  expressionList
                    expression0
                      expression1
                        expression1
                          expression2
                            expression3
                              callExpression
                                expressionList
                        op1
                        expression2
                          expression3
                            callExpression
                              expressionList
            statement
              callStatement
                callExpression
                  expressionList
            statement
              callStatement
                callExpression
                  expressionList
                    expression0
                      expression1
                        expression1
                          expression2
                            expression3
                              callExpression
                                expressionList
                        op1
                        expression2
                          expression3
                            callExpression
                              expressionList
            statement
              callStatement
                callExpression
                  expressionList
            statement
              callStatement
                callExpression
                  expressionList
                    expression0
                      expression1
                        expression1
                          expression2
                            expression3
                              callExpression
                                expressionList
                        op1
                        expression2
                          expression3
                            callExpression
                              expressionList
            statement
              callStatement
                callExpression
                  expressionList> but was: <line 3:12 mismatched input ')' expecting {'Add', 'Subtract', 'OR'}
line 5:13 mismatched input ';' expecting {'Add', 'Subtract', 'OR'}
line 9:12 mismatched input ')' expecting {'Add', 'Subtract', 'OR'}
line 11:14 mismatched input ';' expecting {'Add', 'Subtract', 'OR'}
line 15:21 mismatched input '||' expecting {'Mult', 'Div', 'AND', Integer, 'true', 'false', '!', Identifier, '(', ')'}
line 17:22 mismatched input '||' expecting {'Mult', 'Div', 'AND', Integer, 'true', 'false', '!', Identifier, '(', ')'}
line 19:21 mismatched input '||' expecting {'Mult', 'Div', 'AND', Integer, 'true', 'false', '!', Identifier, '(', ')'}
line 21:22 mismatched input '||' expecting {'Mult', 'Div', 'AND', Integer, 'true', 'false', '!', Identifier, '(', ')'}>
	at crux.CompilerStageTests.lambda$parseTree$1(CompilerStageTests.java:88)
]]></failure>
  </testcase>
  <testcase name="parseTree" classname="crux.CompilerStageTests" time="0.008">
    <failure type="org.opentest4j.AssertionFailedError"><![CDATA[org.opentest4j.AssertionFailedError: 
Parse tree for program crux/stages/parse-tree/test33.crx differs from expected output. ==> expected: <program
  declarationList
    declaration
      functionDefinition
        type
        parameterList
        statementBlock
          statementList
            statement
              callStatement
                callExpression
                  expressionList
                    expression0
                      expression1
                        expression2
                          expression3
                            literal
            statement
              callStatement
                callExpression
                  expressionList
            statement
              returnStatement
                expression0
                  expression1
                    expression2
                      expression3
                        literal
    declaration
      functionDefinition
        type
        parameterList
        statementBlock
          statementList
            statement
              callStatement
                callExpression
                  expressionList
                    expression0
                      expression1
                        expression2
                          expression3
                            literal
            statement
              callStatement
                callExpression
                  expressionList
            statement
              returnStatement
                expression0
                  expression1
                    expression2
                      expression3
                        literal
    declaration
      functionDefinition
        type
        parameterList
        statementBlock
          statementList
            statement
              callStatement
                callExpression
                  expressionList
                    expression0
                      expression1
                        expression2
                          expression2
                            expression3
                              callExpression
                                expressionList
                          op2
                          expression3
                            callExpression
                              expressionList
            statement
              callStatement
                callExpression
                  expressionList
            statement
              callStatement
                callExpression
                  expressionList
                    expression0
                      expression1
                        expression2
                          expression2
                            expression3
                              callExpression
                                expressionList
                          op2
                          expression3
                            callExpression
                              expressionList
            statement
              callStatement
                callExpression
                  expressionList
            statement
              callStatement
                callExpression
                  expressionList
                    expression0
                      expression1
                        expression2
                          expression2
                            expression3
                              callExpression
                                expressionList
                          op2
                          expression3
                            callExpression
                              expressionList
            statement
              callStatement
                callExpression
                  expressionList
            statement
              callStatement
                callExpression
                  expressionList
                    expression0
                      expression1
                        expression2
                          expression2
                            expression3
                              callExpression
                                expressionList
                          op2
                          expression3
                            callExpression
                              expressionList
            statement
              callStatement
                callExpression
[...]
                                          literal
                assignmentStatementNoSemi
                  designator
                  expression0
                    expression1
                      expression1
                        expression2
                          expression3
                            designator
                      op1
                      expression2
                        expression3
                          literal
                statementBlock
                  statementList
                    statement
                      variableDeclaration
                        type
                    statement
                      variableDeclaration
                        type
                    statement
                      assignmentStatement
                        designator
                        expression0
                          expression1
                            expression1
                              expression2
                                expression3
                                  designator
                            op1
                            expression2
                              expression3
                                expression0
                                  expression1
                                    expression2
                                      expression2
                                        expression3
                                          expression0
                                            expression1
                                              expression2
                                                expression2
                                                  expression3
                                                    designator
                                                op2
                                                expression3
                                                  literal
                                      op2
                                      expression3
                                        literal
                    statement
                      assignmentStatement
                        designator
                        expression0
                          expression1
                            expression1
                              expression2
                                expression3
                                  designator
                            op1
                            expression2
                              expression3
                                expression0
                                  expression1
                                    expression2
                                      expression2
                                        expression3
                                          expression0
                                            expression1
                                              expression2
                                                expression2
                                                  expression3
                                                    designator
                                                op2
                                                expression3
                                                  literal
                                      op2
                                      expression3
                                        literal
                    statement
                      ifStatement
                        expression0
                          expression1
                            expression2
                              expression3
                                expression0
                                  expression1
                                    expression2
                                      expression2
                                        expression3
                                          expression0
                                            expression1
                                              expression2
                                                expression3
                                                  designator
                                            op0
                                            expression1
                                              expression2
                                                expression3
                                                  literal
                                      op2
                                      expression3
                                        expression0
                                          expression1
                                            expression2
                                              expression3
                                                designator
                                          op0
                                          expression1
                                            expression2
                                              expression3
                                                literal
                        statementBlock
                          statementList
                            statement
                              assignmentStatement
                                designator
                                expression0
                                  expression1
                                    expression1
                                      expression2
                                        expression2
                                          expression3
                                            designator
                                        op2
                                        expression3
                                          literal
                                    op1
                                    expression2
                                      expression3
                                        literal
                        statementBlock
                          statementList
                            statement
                              ifStatement
                                expression0
                                  expression1
                                    expression2
                                      expression3
                                        expression0
                                          expression1
                                            expression2
                                              expression2
                                                expression3
                                                  expression0
                                                    expression1
                                                      expression2
                                                        expression3
                                                          designator
                                                    op0
                                                    expression1
                                                      expression2
                                                        expression3
                                                          literal
                                              op2
                                              expression3
                                                expression0
                                                  expression1
                                                    expression2
                                                      expression3
                                                        designator
                                                  op0
                                                  expression1
                                                    expression2
                                                      expression3
                                                        literal
                                statementBlock
                                  statementList
                                    statement
                                      assignmentStatement
                                        designator
                                        expression0
                                          expression1
                                            expression1
                                              expression2
                                                expression2
                                                  expression3
                                                    designator
                                                op2
                                                expression3
                                                  literal
                                            op1
                                            expression2
                                              expression3
                                                literal
                                statementBlock
                                  statementList
                                    statement
                                      assignmentStatement
                                        designator
                                        expression0
                                          expression1
                                            expression2
                                              expression2
                                                expression3
                                                  designator
                                              op2
                                              expression3
                                                literal
                    statement
                      assignmentStatement
                        designator
                        expression0
                          expression1
                            expression2
                              expression2
                                expression3
                                  designator
                              op2
                              expression3
                                literal
                    statement
                      assignmentStatement
                        designator
                        expression0
                          expression1
                            expression2
                              expression2
                                expression3
                                  designator
                              op2
                              expression3
                                literal
            statement
              variableDeclaration
                type
            statement
              forStatement
                assignmentStatement
                  designator
                  expression0
                    expression1
                      expression2
                        expression3
                          literal
                expression0
                  expression1
                    expression2
                      expression3
                        designator
                  op0
                  expression1
                    expression2
                      expression3
                        literal
                assignmentStatementNoSemi
                  designator
                  expression0
                    expression1
                      expression1
                        expression2
                          expression3
                            designator
                      op1
                      expression2
                        expression3
                          literal
                statementBlock
                  statementList
                    statement
                      assignmentStatement
                        designator
                        expression0
                          expression1
                            expression1
                              expression2
                                expression3
                                  expression0
                                    expression1
                                      expression2
                                        expression2
                                          expression3
                                            designator
                                        op2
                                        expression3
                                          literal
                            op1
                            expression2
                              expression3
                                expression0
                                  expression1
                                    expression1
                                      expression2
                                        expression3
                                          designator
                                    op1
                                    expression2
                                      expression2
                                        expression3
                                          expression0
                                            expression1
                                              expression2
                                                expression2
                                                  expression3
                                                    designator
                                                op2
                                                expression3
                                                  literal
                                      op2
                                      expression3
                                        literal
                    statement
                      assignmentStatement
                        designator
                        expression0
                          expression1
                            expression2
                              expression2
                                expression3
                                  designator
                              op2
                              expression3
                                literal
            statement
              returnStatement
                expression0
                  expression1
                    expression2
                      expression3
                        designator
    declaration
      functionDefinition
        type
        parameterList
        statementBlock
          statementList
            statement
              variableDeclaration
                type
            statement
              forStatement
                assignmentStatement
                  designator
                  expression0
                    expression1
                      expression2
                        expression3
                          literal
                expression0
                  expression1
                    expression2
                      expression3
                        designator
                  op0
                  expression1
                    expression2
                      expression3
                        literal
                assignmentStatementNoSemi
                  designator
                  expression0
                    expression1
                      expression1
                        expression2
                          expression3
                            designator
                      op1
                      expression2
                        expression3
                          literal
                statementBlock
                  statementList
                    statement
                      variableDeclaration
                        type
                    statement
                      assignmentStatement
                        designator
                        expression0
                          expression1
                            expression2
                              expression3
                                callExpression
                                  expressionList
                    statement
                      callStatement
                        callExpression
                          expressionList
                            expression0
                              expression1
                                expression2
                                  expression3
                                    callExpression
                                      expressionList
                                        expression0
                                          expression1
                                            expression2
                                              expression3
                                                designator
                                        expression0
                                          expression1
                                            expression1
                                              expression2
                                                expression3
                                                  literal
                                            op1
                                            expression2
                                              expression3
                                                designator> but was: <line 5:10 no viable alternative at input 'tmp=0;'
line 7:12 no viable alternative at input 'count=0;'
line 8:15 mismatched input ';' expecting {'Add', 'Subtract', 'OR'}
line 8:23 mismatched input '==' expecting {'Add', 'Subtract', 'OR', '['}
line 8:29 mismatched input '&&' expecting {'Add', 'Subtract', 'OR', '['}
line 8:37 mismatched input '==' expecting {'Add', 'Subtract', 'OR', '['}
line 8:43 mismatched input ';' expecting {'Add', 'Subtract', 'OR', '['}
line 8:58 mismatched input '+' expecting {'Add', 'Subtract', 'OR', '['}
line 11:13 no viable alternative at input 'a=in-'
line 13:13 mismatched input '==' expecting {'Add', 'Subtract', 'OR', '['}
line 13:19 mismatched input '&&' expecting {'Add', 'Subtract', 'OR', '['}
line 13:25 mismatched input '==' expecting {'Add', 'Subtract', 'OR', '['}
line 13:32 mismatched input '{' expecting {'Add', 'Subtract', 'OR', '['}
line 14:19 no viable alternative at input 'tmp=tmp*'
line 16:15 mismatched input '==' expecting {'Add', 'Subtract', 'OR', '['}
line 16:21 mismatched input '&&' expecting {'Add', 'Subtract', 'OR', '['}
line 16:27 mismatched input '==' expecting {'Add', 'Subtract', 'OR', '['}
line 16:34 mismatched input '{' expecting {'Add', 'Subtract', 'OR', '['}
line 17:20 no viable alternative at input 'tmp=tmp*'
line 19:20 no viable alternative at input 'tmp=tmp*'
line 22:15 no viable alternative at input 'in=in/'
line 27:14 mismatched input ';' expecting {'Add', 'Subtract', 'OR'}
line 27:22 mismatched input '!=' expecting {'Add', 'Subtract', 'OR', '['}
line 27:42 mismatched input '-' expecting {'Add', 'Subtract', 'OR', '['}
line 28:16 no viable alternative at input 'out=(out*'
line 31:13 mismatched input ';' expecting {'Add', 'Subtract', 'OR', '['}
line 36:11 mismatched input ';' expecting {'Add', 'Subtract', 'OR'}
line 36:15 mismatched input '<' expecting {'Add', 'Subtract', 'OR', '['}
line 36:26 mismatched input '+' expecting {'Add', 'Subtract', 'OR', '['}
line 38:20 no viable alternative at input 'tmp=readChar();'
line 39:24 mismatched input ',' expecting {'Add', 'Subtract', 'OR', '['}
line 39:27 mismatched input '+' expecting {'Add', 'Subtract', 'OR'}
line 39:30 mismatched input ')' expecting {'LessThan', 'GreaterThan', 'LessThanEqual', 'GreaterThanEqual', 'NotEqual', 'Equal', ')', '[', ','}>
	at crux.CompilerStageTests.lambda$parseTree$1(CompilerStageTests.java:88)
]]></failure>
  </testcase>
</testsuite>